{"/home/cafadev/Documentos/projects/cafadev/fancy-crud/src/core/index.ts": {"path":"/home/cafadev/Documentos/projects/cafadev/fancy-crud/src/core/index.ts","statementMap":{"0":{"start":{"line":1,"column":0},"end":{"line":1,"column":23}},"1":{"start":{"line":2,"column":0},"end":{"line":2,"column":22}},"2":{"start":{"line":3,"column":0},"end":{"line":3,"column":28}},"3":{"start":{"line":5,"column":0},"end":{"line":5,"column":21}}},"fnMap":{},"branchMap":{},"s":{"0":1,"1":1,"2":1,"3":1},"f":{},"b":{}}
,"/home/cafadev/Documentos/projects/cafadev/fancy-crud/src/core/components/FButton.tsx": {"path":"/home/cafadev/Documentos/projects/cafadev/fancy-crud/src/core/components/FButton.tsx","statementMap":{"0":{"start":{"line":1,"column":0},"end":{"line":1,"column":27}},"1":{"start":{"line":2,"column":0},"end":{"line":2,"column":38}},"2":{"start":{"line":18,"column":6},"end":{"line":18,"column":11}},"3":{"start":{"line":20,"column":17},"end":{"line":20,"column":79}},"4":{"start":{"line":21,"column":22},"end":{"line":21,"column":64}},"5":{"start":{"line":22,"column":23},"end":{"line":22,"column":47}},"6":{"start":{"line":24,"column":18},"end":{"line":24,"column":47}},"7":{"start":{"line":25,"column":2},"end":{"line":25,"column":null}},"8":{"start":{"line":27,"column":18},"end":{"line":27,"column":49}},"9":{"start":{"line":28,"column":2},"end":{"line":28,"column":null}},"10":{"start":{"line":31,"column":4},"end":{"line":38,"column":null}},"11":{"start":{"line":42,"column":2},"end":{"line":42,"column":null}},"12":{"start":{"line":9,"column":0},"end":{"line":9,"column":16}}},"fnMap":{"0":{"name":"FButton","decl":{"start":{"line":9,"column":16},"end":{"line":9,"column":23}},"loc":{"start":{"line":9,"column":48},"end":{"line":43,"column":1}}}},"branchMap":{"0":{"loc":{"start":{"line":20,"column":17},"end":{"line":20,"column":79}},"type":"cond-expr","locations":[{"start":{"line":20,"column":50},"end":{"line":20,"column":63}},{"start":{"line":20,"column":66},"end":{"line":20,"column":79}}]},"1":{"loc":{"start":{"line":21,"column":22},"end":{"line":21,"column":64}},"type":"binary-expr","locations":[{"start":{"line":21,"column":22},"end":{"line":21,"column":45}},{"start":{"line":21,"column":49},"end":{"line":21,"column":64}}]},"2":{"loc":{"start":{"line":22,"column":23},"end":{"line":22,"column":47}},"type":"cond-expr","locations":[{"start":{"line":22,"column":33},"end":{"line":22,"column":42}},{"start":{"line":22,"column":45},"end":{"line":22,"column":47}}]},"3":{"loc":{"start":{"line":27,"column":18},"end":{"line":27,"column":49}},"type":"cond-expr","locations":[{"start":{"line":27,"column":32},"end":{"line":27,"column":40}},{"start":{"line":27,"column":43},"end":{"line":27,"column":49}}]},"4":{"loc":{"start":{"line":28,"column":14},"end":{"line":28,"column":46}},"type":"cond-expr","locations":[{"start":{"line":28,"column":25},"end":{"line":28,"column":34}},{"start":{"line":28,"column":37},"end":{"line":28,"column":46}}]}},"s":{"0":1,"1":1,"2":0,"3":0,"4":0,"5":0,"6":0,"7":0,"8":0,"9":0,"10":0,"11":0,"12":1},"f":{"0":0},"b":{"0":[0,0],"1":[0,0],"2":[0,0],"3":[0,0],"4":[0,0]}}
,"/home/cafadev/Documentos/projects/cafadev/fancy-crud/src/core/components/FColor.tsx": {"path":"/home/cafadev/Documentos/projects/cafadev/fancy-crud/src/core/components/FColor.tsx","statementMap":{"0":{"start":{"line":1,"column":0},"end":{"line":1,"column":27}},"1":{"start":{"line":3,"column":0},"end":{"line":3,"column":65}},"2":{"start":{"line":6,"column":70},"end":{"line":6,"column":75}},"3":{"start":{"line":7,"column":2},"end":{"line":7,"column":null}},"4":{"start":{"line":10,"column":4},"end":{"line":18,"column":null}},"5":{"start":{"line":22,"column":2},"end":{"line":22,"column":null}},"6":{"start":{"line":5,"column":0},"end":{"line":5,"column":16}}},"fnMap":{"0":{"name":"FColor","decl":{"start":{"line":5,"column":16},"end":{"line":5,"column":22}},"loc":{"start":{"line":5,"column":46},"end":{"line":23,"column":1}}}},"branchMap":{"0":{"loc":{"start":{"line":7,"column":21},"end":{"line":7,"column":68}},"type":"cond-expr","locations":[{"start":{"line":7,"column":40},"end":{"line":7,"column":56}},{"start":{"line":7,"column":59},"end":{"line":7,"column":68}}]},"1":{"loc":{"start":{"line":18,"column":38},"end":{"line":18,"column":71}},"type":"cond-expr","locations":[{"start":{"line":18,"column":54},"end":{"line":18,"column":60}},{"start":{"line":18,"column":63},"end":{"line":18,"column":71}}]}},"s":{"0":1,"1":1,"2":0,"3":0,"4":0,"5":0,"6":1},"f":{"0":0},"b":{"0":[0,0],"1":[0,0]}}
,"/home/cafadev/Documentos/projects/cafadev/fancy-crud/src/core/components/FFooter.tsx": {"path":"/home/cafadev/Documentos/projects/cafadev/fancy-crud/src/core/components/FFooter.tsx","statementMap":{"0":{"start":{"line":1,"column":0},"end":{"line":1,"column":27}},"1":{"start":{"line":2,"column":0},"end":{"line":2,"column":22}},"2":{"start":{"line":4,"column":0},"end":{"line":4,"column":27}},"3":{"start":{"line":7,"column":0},"end":{"line":7,"column":54}},"4":{"start":{"line":10,"column":23},"end":{"line":10,"column":47}},"5":{"start":{"line":11,"column":21},"end":{"line":11,"column":47}},"6":{"start":{"line":12,"column":20},"end":{"line":12,"column":45}},"7":{"start":{"line":14,"column":18},"end":{"line":26,"column":3}},"8":{"start":{"line":15,"column":4},"end":{"line":22,"column":null}},"9":{"start":{"line":20,"column":6},"end":{"line":20,"column":null}},"10":{"start":{"line":21,"column":6},"end":{"line":21,"column":12}},"11":{"start":{"line":24,"column":4},"end":{"line":24,"column":null}},"12":{"start":{"line":25,"column":4},"end":{"line":25,"column":null}},"13":{"start":{"line":28,"column":2},"end":{"line":30,"column":null}},"14":{"start":{"line":29,"column":4},"end":{"line":29,"column":null}},"15":{"start":{"line":32,"column":21},"end":{"line":38,"column":null}},"16":{"start":{"line":33,"column":4},"end":{"line":37,"column":null}},"17":{"start":{"line":41,"column":20},"end":{"line":46,"column":null}},"18":{"start":{"line":42,"column":4},"end":{"line":45,"column":null}},"19":{"start":{"line":49,"column":24},"end":{"line":53,"column":null}},"20":{"start":{"line":50,"column":4},"end":{"line":52,"column":null}},"21":{"start":{"line":56,"column":24},"end":{"line":56,"column":53}},"22":{"start":{"line":57,"column":17},"end":{"line":57,"column":69}},"23":{"start":{"line":59,"column":2},"end":{"line":59,"column":null}},"24":{"start":{"line":9,"column":0},"end":{"line":9,"column":16}}},"fnMap":{"0":{"name":"FormFooter","decl":{"start":{"line":9,"column":16},"end":{"line":9,"column":26}},"loc":{"start":{"line":9,"column":101},"end":{"line":60,"column":1}}},"1":{"name":"(anonymous_2)","decl":{"start":{"line":14,"column":18},"end":{"line":14,"column":23}},"loc":{"start":{"line":14,"column":29},"end":{"line":26,"column":3}}},"2":{"name":"(anonymous_3)","decl":{"start":{"line":32,"column":21},"end":{"line":32,"column":24}},"loc":{"start":{"line":33,"column":4},"end":{"line":37,"column":null}}},"3":{"name":"(anonymous_4)","decl":{"start":{"line":41,"column":20},"end":{"line":41,"column":23}},"loc":{"start":{"line":42,"column":4},"end":{"line":45,"column":null}}},"4":{"name":"(anonymous_5)","decl":{"start":{"line":49,"column":24},"end":{"line":49,"column":27}},"loc":{"start":{"line":50,"column":4},"end":{"line":52,"column":null}}}},"branchMap":{"0":{"loc":{"start":{"line":28,"column":2},"end":{"line":30,"column":null}},"type":"if","locations":[{"start":{"line":28,"column":2},"end":{"line":30,"column":null}}]},"1":{"loc":{"start":{"line":56,"column":24},"end":{"line":56,"column":53}},"type":"binary-expr","locations":[{"start":{"line":56,"column":24},"end":{"line":56,"column":29}},{"start":{"line":56,"column":33},"end":{"line":56,"column":53}}]},"2":{"loc":{"start":{"line":57,"column":17},"end":{"line":57,"column":69}},"type":"cond-expr","locations":[{"start":{"line":57,"column":33},"end":{"line":57,"column":53}},{"start":{"line":57,"column":56},"end":{"line":57,"column":69}}]}},"s":{"0":1,"1":1,"2":1,"3":1,"4":0,"5":0,"6":0,"7":0,"8":0,"9":0,"10":0,"11":0,"12":0,"13":0,"14":0,"15":0,"16":0,"17":0,"18":0,"19":0,"20":0,"21":0,"22":0,"23":0,"24":1},"f":{"0":0,"1":0,"2":0,"3":0,"4":0},"b":{"0":[0],"1":[0,0],"2":[0,0]}}
,"/home/cafadev/Documentos/projects/cafadev/fancy-crud/src/core/components/FForm.tsx": {"path":"/home/cafadev/Documentos/projects/cafadev/fancy-crud/src/core/components/FForm.tsx","statementMap":{"0":{"start":{"line":1,"column":0},"end":{"line":1,"column":27}},"1":{"start":{"line":2,"column":0},"end":{"line":2,"column":22}},"2":{"start":{"line":3,"column":0},"end":{"line":3,"column":40}},"3":{"start":{"line":6,"column":0},"end":{"line":6,"column":52}},"4":{"start":{"line":9,"column":52},"end":{"line":9,"column":74}},"5":{"start":{"line":10,"column":49},"end":{"line":10,"column":53}},"6":{"start":{"line":12,"column":2},"end":{"line":12,"column":null}},"7":{"start":{"line":14,"column":26},"end":{"line":14,"column":31}},"8":{"start":{"line":15,"column":19},"end":{"line":15,"column":51}},"9":{"start":{"line":16,"column":20},"end":{"line":16,"column":37}},"10":{"start":{"line":18,"column":32},"end":{"line":20,"column":3}},"11":{"start":{"line":19,"column":4},"end":{"line":19,"column":null}},"12":{"start":{"line":22,"column":2},"end":{"line":22,"column":null}},"13":{"start":{"line":22,"column":17},"end":{"line":22,"column":null}},"14":{"start":{"line":25,"column":2},"end":{"line":25,"column":null}},"15":{"start":{"line":31,"column":2},"end":{"line":72,"column":null}},"16":{"start":{"line":32,"column":4},"end":{"line":40,"column":null}},"17":{"start":{"line":33,"column":26},"end":{"line":33,"column":81}},"18":{"start":{"line":35,"column":6},"end":{"line":38,"column":null}},"19":{"start":{"line":36,"column":23},"end":{"line":36,"column":44}},"20":{"start":{"line":37,"column":8},"end":{"line":37,"column":null}},"21":{"start":{"line":39,"column":6},"end":{"line":39,"column":null}},"22":{"start":{"line":42,"column":4},"end":{"line":59,"column":null}},"23":{"start":{"line":43,"column":6},"end":{"line":43,"column":null}},"24":{"start":{"line":45,"column":8},"end":{"line":49,"column":null}},"25":{"start":{"line":53,"column":6},"end":{"line":57,"column":null}},"26":{"start":{"line":54,"column":23},"end":{"line":54,"column":51}},"27":{"start":{"line":55,"column":8},"end":{"line":55,"column":null}},"28":{"start":{"line":56,"column":8},"end":{"line":56,"column":null}},"29":{"start":{"line":56,"column":29},"end":{"line":56,"column":null}},"30":{"start":{"line":58,"column":6},"end":{"line":58,"column":null}},"31":{"start":{"line":61,"column":4},"end":{"line":69,"column":null}},"32":{"start":{"line":62,"column":26},"end":{"line":62,"column":96}},"33":{"start":{"line":64,"column":6},"end":{"line":67,"column":null}},"34":{"start":{"line":65,"column":23},"end":{"line":65,"column":44}},"35":{"start":{"line":66,"column":8},"end":{"line":66,"column":null}},"36":{"start":{"line":68,"column":6},"end":{"line":68,"column":null}},"37":{"start":{"line":71,"column":4},"end":{"line":71,"column":null}},"38":{"start":{"line":74,"column":2},"end":{"line":74,"column":null}},"39":{"start":{"line":8,"column":0},"end":{"line":8,"column":16}}},"fnMap":{"0":{"name":"RenderForm","decl":{"start":{"line":8,"column":16},"end":{"line":8,"column":26}},"loc":{"start":{"line":8,"column":54},"end":{"line":75,"column":1}}},"1":{"name":"(anonymous_2)","decl":{"start":{"line":18,"column":32},"end":{"line":18,"column":33}},"loc":{"start":{"line":18,"column":67},"end":{"line":20,"column":3}}},"2":{"name":"(anonymous_3)","decl":{"start":{"line":31,"column":9},"end":{"line":31,"column":12}},"loc":{"start":{"line":31,"column":14},"end":{"line":72,"column":3}}},"3":{"name":"(anonymous_4)","decl":{"start":{"line":32,"column":11},"end":{"line":32,"column":14}},"loc":{"start":{"line":32,"column":16},"end":{"line":40,"column":5}}},"4":{"name":"(anonymous_5)","decl":{"start":{"line":42,"column":11},"end":{"line":42,"column":14}},"loc":{"start":{"line":42,"column":16},"end":{"line":59,"column":5}}},"5":{"name":"(anonymous_6)","decl":{"start":{"line":61,"column":11},"end":{"line":61,"column":14}},"loc":{"start":{"line":61,"column":16},"end":{"line":69,"column":5}}}},"branchMap":{"0":{"loc":{"start":{"line":22,"column":2},"end":{"line":22,"column":null}},"type":"if","locations":[{"start":{"line":22,"column":2},"end":{"line":22,"column":null}}]},"1":{"loc":{"start":{"line":35,"column":6},"end":{"line":38,"column":null}},"type":"if","locations":[{"start":{"line":35,"column":6},"end":{"line":38,"column":null}}]},"2":{"loc":{"start":{"line":53,"column":6},"end":{"line":57,"column":null}},"type":"if","locations":[{"start":{"line":53,"column":6},"end":{"line":57,"column":null}}]},"3":{"loc":{"start":{"line":56,"column":8},"end":{"line":56,"column":null}},"type":"if","locations":[{"start":{"line":56,"column":8},"end":{"line":56,"column":null}}]},"4":{"loc":{"start":{"line":64,"column":6},"end":{"line":67,"column":null}},"type":"if","locations":[{"start":{"line":64,"column":6},"end":{"line":67,"column":null}}]}},"s":{"0":1,"1":1,"2":1,"3":1,"4":0,"5":0,"6":0,"7":0,"8":0,"9":0,"10":0,"11":0,"12":0,"13":0,"14":0,"15":0,"16":0,"17":0,"18":0,"19":0,"20":0,"21":0,"22":0,"23":0,"24":0,"25":0,"26":0,"27":0,"28":0,"29":0,"30":0,"31":0,"32":0,"33":0,"34":0,"35":0,"36":0,"37":0,"38":0,"39":1},"f":{"0":0,"1":0,"2":0,"3":0,"4":0,"5":0},"b":{"0":[0],"1":[0],"2":[0],"3":[0],"4":[0]}}
,"/home/cafadev/Documentos/projects/cafadev/fancy-crud/src/core/components/FHeader.tsx": {"path":"/home/cafadev/Documentos/projects/cafadev/fancy-crud/src/core/components/FHeader.tsx","statementMap":{"0":{"start":{"line":1,"column":0},"end":{"line":1,"column":27}},"1":{"start":{"line":12,"column":34},"end":{"line":12,"column":36}},"2":{"start":{"line":14,"column":2},"end":{"line":19,"column":null}},"3":{"start":{"line":15,"column":4},"end":{"line":15,"column":null}},"4":{"start":{"line":18,"column":4},"end":{"line":18,"column":null}},"5":{"start":{"line":21,"column":24},"end":{"line":24,"column":null}},"6":{"start":{"line":22,"column":4},"end":{"line":23,"column":null}},"7":{"start":{"line":26,"column":24},"end":{"line":26,"column":53}},"8":{"start":{"line":27,"column":17},"end":{"line":27,"column":62}},"9":{"start":{"line":29,"column":2},"end":{"line":29,"column":null}},"10":{"start":{"line":11,"column":0},"end":{"line":11,"column":16}}},"fnMap":{"0":{"name":"FormHeader","decl":{"start":{"line":11,"column":16},"end":{"line":11,"column":26}},"loc":{"start":{"line":11,"column":61},"end":{"line":30,"column":1}}},"1":{"name":"(anonymous_1)","decl":{"start":{"line":21,"column":24},"end":{"line":21,"column":27}},"loc":{"start":{"line":22,"column":4},"end":{"line":23,"column":null}}}},"branchMap":{"0":{"loc":{"start":{"line":14,"column":2},"end":{"line":19,"column":null}},"type":"if","locations":[{"start":{"line":14,"column":2},"end":{"line":19,"column":null}},{"start":{"line":17,"column":7},"end":{"line":19,"column":null}}]},"1":{"loc":{"start":{"line":26,"column":24},"end":{"line":26,"column":53}},"type":"binary-expr","locations":[{"start":{"line":26,"column":24},"end":{"line":26,"column":29}},{"start":{"line":26,"column":33},"end":{"line":26,"column":53}}]},"2":{"loc":{"start":{"line":27,"column":17},"end":{"line":27,"column":62}},"type":"cond-expr","locations":[{"start":{"line":27,"column":33},"end":{"line":27,"column":46}},{"start":{"line":27,"column":49},"end":{"line":27,"column":62}}]}},"s":{"0":1,"1":0,"2":0,"3":0,"4":0,"5":0,"6":0,"7":0,"8":0,"9":0,"10":1},"f":{"0":0,"1":0},"b":{"0":[0,0],"1":[0,0],"2":[0,0]}}
,"/home/cafadev/Documentos/projects/cafadev/fancy-crud/src/core/components/FInput.tsx": {"path":"/home/cafadev/Documentos/projects/cafadev/fancy-crud/src/core/components/FInput.tsx","statementMap":{"0":{"start":{"line":1,"column":0},"end":{"line":1,"column":27}},"1":{"start":{"line":3,"column":0},"end":{"line":3,"column":70}},"2":{"start":{"line":6,"column":80},"end":{"line":6,"column":85}},"3":{"start":{"line":9,"column":4},"end":{"line":12,"column":null}},"4":{"start":{"line":16,"column":2},"end":{"line":16,"column":null}},"5":{"start":{"line":5,"column":0},"end":{"line":5,"column":16}}},"fnMap":{"0":{"name":"FInput","decl":{"start":{"line":5,"column":16},"end":{"line":5,"column":22}},"loc":{"start":{"line":5,"column":46},"end":{"line":17,"column":1}}}},"branchMap":{"0":{"loc":{"start":{"line":12,"column":38},"end":{"line":12,"column":71}},"type":"cond-expr","locations":[{"start":{"line":12,"column":54},"end":{"line":12,"column":60}},{"start":{"line":12,"column":63},"end":{"line":12,"column":71}}]}},"s":{"0":1,"1":1,"2":0,"3":0,"4":0,"5":1},"f":{"0":0},"b":{"0":[0,0]}}
,"/home/cafadev/Documentos/projects/cafadev/fancy-crud/src/core/components/FInputFile.tsx": {"path":"/home/cafadev/Documentos/projects/cafadev/fancy-crud/src/core/components/FInputFile.tsx","statementMap":{"0":{"start":{"line":1,"column":0},"end":{"line":1,"column":27}},"1":{"start":{"line":2,"column":0},"end":{"line":2,"column":84}},"2":{"start":{"line":5,"column":70},"end":{"line":5,"column":75}},"3":{"start":{"line":7,"column":29},"end":{"line":19,"column":3}},"4":{"start":{"line":8,"column":4},"end":{"line":8,"column":null}},"5":{"start":{"line":9,"column":19},"end":{"line":9,"column":54}},"6":{"start":{"line":10,"column":19},"end":{"line":10,"column":21}},"7":{"start":{"line":12,"column":4},"end":{"line":12,"column":22}},"8":{"start":{"line":12,"column":16},"end":{"line":12,"column":22}},"9":{"start":{"line":14,"column":4},"end":{"line":16,"column":null}},"10":{"start":{"line":14,"column":21},"end":{"line":14,"column":22}},"11":{"start":{"line":15,"column":6},"end":{"line":15,"column":null}},"12":{"start":{"line":18,"column":4},"end":{"line":18,"column":null}},"13":{"start":{"line":21,"column":25},"end":{"line":29,"column":3}},"14":{"start":{"line":22,"column":22},"end":{"line":22,"column":24}},"15":{"start":{"line":24,"column":4},"end":{"line":26,"column":null}},"16":{"start":{"line":25,"column":6},"end":{"line":25,"column":null}},"17":{"start":{"line":25,"column":46},"end":{"line":25,"column":52}},"18":{"start":{"line":28,"column":4},"end":{"line":28,"column":null}},"19":{"start":{"line":31,"column":2},"end":{"line":35,"column":null}},"20":{"start":{"line":38,"column":4},"end":{"line":38,"column":35}},"21":{"start":{"line":42,"column":4},"end":{"line":43,"column":null}},"22":{"start":{"line":48,"column":4},"end":{"line":62,"column":null}},"23":{"start":{"line":66,"column":2},"end":{"line":66,"column":null}},"24":{"start":{"line":4,"column":0},"end":{"line":4,"column":16}}},"fnMap":{"0":{"name":"FInputFile","decl":{"start":{"line":4,"column":16},"end":{"line":4,"column":26}},"loc":{"start":{"line":4,"column":50},"end":{"line":67,"column":1}}},"1":{"name":"(anonymous_1)","decl":{"start":{"line":7,"column":29},"end":{"line":7,"column":30}},"loc":{"start":{"line":7,"column":42},"end":{"line":19,"column":3}}},"2":{"name":"(anonymous_2)","decl":{"start":{"line":21,"column":25},"end":{"line":21,"column":36}},"loc":{"start":{"line":21,"column":38},"end":{"line":29,"column":3}}},"3":{"name":"(anonymous_3)","decl":{"start":{"line":25,"column":41},"end":{"line":25,"column":42}},"loc":{"start":{"line":25,"column":46},"end":{"line":25,"column":52}}}},"branchMap":{"0":{"loc":{"start":{"line":12,"column":4},"end":{"line":12,"column":22}},"type":"if","locations":[{"start":{"line":12,"column":4},"end":{"line":12,"column":22}}]},"1":{"loc":{"start":{"line":24,"column":4},"end":{"line":26,"column":null}},"type":"if","locations":[{"start":{"line":24,"column":4},"end":{"line":26,"column":null}}]},"2":{"loc":{"start":{"line":62,"column":38},"end":{"line":62,"column":71}},"type":"cond-expr","locations":[{"start":{"line":62,"column":54},"end":{"line":62,"column":60}},{"start":{"line":62,"column":63},"end":{"line":62,"column":71}}]}},"s":{"0":1,"1":1,"2":0,"3":0,"4":0,"5":0,"6":0,"7":0,"8":0,"9":0,"10":0,"11":0,"12":0,"13":0,"14":0,"15":0,"16":0,"17":0,"18":0,"19":0,"20":0,"21":0,"22":0,"23":0,"24":1},"f":{"0":0,"1":0,"2":0,"3":0},"b":{"0":[0],"1":[0],"2":[0,0]}}
,"/home/cafadev/Documentos/projects/cafadev/fancy-crud/src/core/components/FInputPassword.tsx": {"path":"/home/cafadev/Documentos/projects/cafadev/fancy-crud/src/core/components/FInputPassword.tsx","statementMap":{"0":{"start":{"line":1,"column":0},"end":{"line":1,"column":46}},"1":{"start":{"line":3,"column":0},"end":{"line":3,"column":70}},"2":{"start":{"line":15,"column":70},"end":{"line":15,"column":75}},"3":{"start":{"line":16,"column":15},"end":{"line":16,"column":55}},"4":{"start":{"line":17,"column":13},"end":{"line":17,"column":59}},"5":{"start":{"line":19,"column":35},"end":{"line":22,"column":3}},"6":{"start":{"line":20,"column":4},"end":{"line":20,"column":null}},"7":{"start":{"line":21,"column":4},"end":{"line":21,"column":null}},"8":{"start":{"line":24,"column":20},"end":{"line":24,"column":43}},"9":{"start":{"line":27,"column":4},"end":{"line":35,"column":null}},"10":{"start":{"line":39,"column":2},"end":{"line":39,"column":null}},"11":{"start":{"line":14,"column":0},"end":{"line":14,"column":16}}},"fnMap":{"0":{"name":"FInputPassword","decl":{"start":{"line":14,"column":16},"end":{"line":14,"column":30}},"loc":{"start":{"line":14,"column":62},"end":{"line":40,"column":1}}},"1":{"name":"(anonymous_1)","decl":{"start":{"line":19,"column":35},"end":{"line":19,"column":36}},"loc":{"start":{"line":19,"column":48},"end":{"line":22,"column":3}}}},"branchMap":{"0":{"loc":{"start":{"line":16,"column":15},"end":{"line":16,"column":55}},"type":"cond-expr","locations":[{"start":{"line":16,"column":36},"end":{"line":16,"column":42}},{"start":{"line":16,"column":45},"end":{"line":16,"column":55}}]},"1":{"loc":{"start":{"line":17,"column":13},"end":{"line":17,"column":59}},"type":"cond-expr","locations":[{"start":{"line":17,"column":34},"end":{"line":17,"column":43}},{"start":{"line":17,"column":46},"end":{"line":17,"column":59}}]},"2":{"loc":{"start":{"line":35,"column":38},"end":{"line":35,"column":71}},"type":"cond-expr","locations":[{"start":{"line":35,"column":54},"end":{"line":35,"column":60}},{"start":{"line":35,"column":63},"end":{"line":35,"column":71}}]}},"s":{"0":1,"1":1,"2":0,"3":0,"4":0,"5":0,"6":0,"7":0,"8":0,"9":0,"10":0,"11":1},"f":{"0":0,"1":0},"b":{"0":[0,0],"1":[0,0],"2":[0,0]}}
,"/home/cafadev/Documentos/projects/cafadev/fancy-crud/src/core/components/FMain.tsx": {"path":"/home/cafadev/Documentos/projects/cafadev/fancy-crud/src/core/components/FMain.tsx","statementMap":{"0":{"start":{"line":1,"column":0},"end":{"line":1,"column":27}},"1":{"start":{"line":4,"column":0},"end":{"line":4,"column":70}},"2":{"start":{"line":5,"column":0},"end":{"line":5,"column":63}},"3":{"start":{"line":6,"column":0},"end":{"line":6,"column":35}},"4":{"start":{"line":17,"column":41},"end":{"line":25,"column":null}},"5":{"start":{"line":28,"column":23},"end":{"line":28,"column":67}},"6":{"start":{"line":29,"column":25},"end":{"line":36,"column":4}},"7":{"start":{"line":30,"column":4},"end":{"line":30,"column":null}},"8":{"start":{"line":30,"column":22},"end":{"line":30,"column":null}},"9":{"start":{"line":32,"column":4},"end":{"line":32,"column":null}},"10":{"start":{"line":32,"column":43},"end":{"line":32,"column":null}},"11":{"start":{"line":33,"column":4},"end":{"line":33,"column":null}},"12":{"start":{"line":33,"column":44},"end":{"line":33,"column":null}},"13":{"start":{"line":35,"column":4},"end":{"line":35,"column":null}},"14":{"start":{"line":38,"column":50},"end":{"line":43,"column":null}},"15":{"start":{"line":45,"column":17},"end":{"line":119,"column":4}},"16":{"start":{"line":46,"column":26},"end":{"line":46,"column":52}},"17":{"start":{"line":47,"column":17},"end":{"line":47,"column":37}},"18":{"start":{"line":48,"column":29},"end":{"line":48,"column":53}},"19":{"start":{"line":50,"column":27},"end":{"line":50,"column":63}},"20":{"start":{"line":51,"column":26},"end":{"line":51,"column":61}},"21":{"start":{"line":53,"column":24},"end":{"line":53,"column":86}},"22":{"start":{"line":53,"column":77},"end":{"line":53,"column":86}},"23":{"start":{"line":54,"column":23},"end":{"line":54,"column":83}},"24":{"start":{"line":54,"column":74},"end":{"line":54,"column":83}},"25":{"start":{"line":56,"column":20},"end":{"line":70,"column":5}},"26":{"start":{"line":57,"column":24},"end":{"line":57,"column":59}},"27":{"start":{"line":59,"column":6},"end":{"line":63,"column":null}},"28":{"start":{"line":60,"column":8},"end":{"line":62,"column":null}},"29":{"start":{"line":61,"column":10},"end":{"line":61,"column":null}},"30":{"start":{"line":65,"column":6},"end":{"line":65,"column":null}},"31":{"start":{"line":67,"column":6},"end":{"line":69,"column":null}},"32":{"start":{"line":68,"column":8},"end":{"line":68,"column":null}},"33":{"start":{"line":72,"column":65},"end":{"line":76,"column":null}},"34":{"start":{"line":78,"column":4},"end":{"line":83,"column":null}},"35":{"start":{"line":79,"column":6},"end":{"line":79,"column":null}},"36":{"start":{"line":82,"column":6},"end":{"line":82,"column":null}},"37":{"start":{"line":86,"column":6},"end":{"line":90,"column":null}},"38":{"start":{"line":94,"column":29},"end":{"line":98,"column":null}},"39":{"start":{"line":100,"column":21},"end":{"line":100,"column":60}},"40":{"start":{"line":101,"column":4},"end":{"line":101,"column":null}},"41":{"start":{"line":103,"column":4},"end":{"line":116,"column":null}},"42":{"start":{"line":104,"column":46},"end":{"line":104,"column":80}},"43":{"start":{"line":106,"column":6},"end":{"line":113,"column":null}},"44":{"start":{"line":107,"column":8},"end":{"line":112,"column":null}},"45":{"start":{"line":108,"column":10},"end":{"line":111,"column":null}},"46":{"start":{"line":109,"column":27},"end":{"line":109,"column":46}},"47":{"start":{"line":110,"column":12},"end":{"line":110,"column":null}},"48":{"start":{"line":115,"column":6},"end":{"line":115,"column":null}},"49":{"start":{"line":118,"column":4},"end":{"line":118,"column":null}},"50":{"start":{"line":121,"column":23},"end":{"line":121,"column":98}},"51":{"start":{"line":123,"column":2},"end":{"line":128,"column":null}},"52":{"start":{"line":27,"column":0},"end":{"line":27,"column":16}}},"fnMap":{"0":{"name":"FormMain","decl":{"start":{"line":27,"column":16},"end":{"line":27,"column":24}},"loc":{"start":{"line":27,"column":95},"end":{"line":129,"column":1}}},"1":{"name":"(anonymous_1)","decl":{"start":{"line":29,"column":60},"end":{"line":29,"column":61}},"loc":{"start":{"line":29,"column":74},"end":{"line":36,"column":3}}},"2":{"name":"(anonymous_2)","decl":{"start":{"line":45,"column":36},"end":{"line":45,"column":37}},"loc":{"start":{"line":45,"column":58},"end":{"line":119,"column":3}}},"3":{"name":"(anonymous_3)","decl":{"start":{"line":53,"column":71},"end":{"line":53,"column":74}},"loc":{"start":{"line":53,"column":77},"end":{"line":53,"column":86}}},"4":{"name":"(anonymous_4)","decl":{"start":{"line":54,"column":68},"end":{"line":54,"column":71}},"loc":{"start":{"line":54,"column":74},"end":{"line":54,"column":83}}},"5":{"name":"(anonymous_5)","decl":{"start":{"line":56,"column":20},"end":{"line":56,"column":21}},"loc":{"start":{"line":56,"column":33},"end":{"line":70,"column":5}}},"6":{"name":"(anonymous_6)","decl":{"start":{"line":60,"column":36},"end":{"line":60,"column":37}},"loc":{"start":{"line":60,"column":52},"end":{"line":62,"column":9}}},"7":{"name":"(anonymous_7)","decl":{"start":{"line":107,"column":25},"end":{"line":107,"column":28}},"loc":{"start":{"line":107,"column":30},"end":{"line":112,"column":9}}}},"branchMap":{"0":{"loc":{"start":{"line":30,"column":4},"end":{"line":30,"column":null}},"type":"if","locations":[{"start":{"line":30,"column":4},"end":{"line":30,"column":null}}]},"1":{"loc":{"start":{"line":32,"column":4},"end":{"line":32,"column":null}},"type":"if","locations":[{"start":{"line":32,"column":4},"end":{"line":32,"column":null}}]},"2":{"loc":{"start":{"line":32,"column":8},"end":{"line":32,"column":41}},"type":"binary-expr","locations":[{"start":{"line":32,"column":8},"end":{"line":32,"column":20}},{"start":{"line":32,"column":24},"end":{"line":32,"column":41}}]},"3":{"loc":{"start":{"line":33,"column":4},"end":{"line":33,"column":null}},"type":"if","locations":[{"start":{"line":33,"column":4},"end":{"line":33,"column":null}}]},"4":{"loc":{"start":{"line":33,"column":8},"end":{"line":33,"column":42}},"type":"binary-expr","locations":[{"start":{"line":33,"column":8},"end":{"line":33,"column":21}},{"start":{"line":33,"column":25},"end":{"line":33,"column":42}}]},"5":{"loc":{"start":{"line":48,"column":29},"end":{"line":48,"column":53}},"type":"binary-expr","locations":[{"start":{"line":48,"column":29},"end":{"line":48,"column":43}},{"start":{"line":48,"column":47},"end":{"line":48,"column":53}}]},"6":{"loc":{"start":{"line":50,"column":27},"end":{"line":50,"column":63}},"type":"binary-expr","locations":[{"start":{"line":50,"column":27},"end":{"line":50,"column":32}},{"start":{"line":50,"column":36},"end":{"line":50,"column":63}}]},"7":{"loc":{"start":{"line":51,"column":26},"end":{"line":51,"column":61}},"type":"binary-expr","locations":[{"start":{"line":51,"column":26},"end":{"line":51,"column":31}},{"start":{"line":51,"column":35},"end":{"line":51,"column":61}}]},"8":{"loc":{"start":{"line":53,"column":24},"end":{"line":53,"column":86}},"type":"cond-expr","locations":[{"start":{"line":53,"column":41},"end":{"line":53,"column":68}},{"start":{"line":53,"column":71},"end":{"line":53,"column":86}}]},"9":{"loc":{"start":{"line":54,"column":23},"end":{"line":54,"column":83}},"type":"cond-expr","locations":[{"start":{"line":54,"column":39},"end":{"line":54,"column":65}},{"start":{"line":54,"column":68},"end":{"line":54,"column":83}}]},"10":{"loc":{"start":{"line":59,"column":6},"end":{"line":63,"column":null}},"type":"if","locations":[{"start":{"line":59,"column":6},"end":{"line":63,"column":null}}]},"11":{"loc":{"start":{"line":67,"column":6},"end":{"line":69,"column":null}},"type":"if","locations":[{"start":{"line":67,"column":6},"end":{"line":69,"column":null}}]},"12":{"loc":{"start":{"line":78,"column":4},"end":{"line":83,"column":null}},"type":"if","locations":[{"start":{"line":78,"column":4},"end":{"line":83,"column":null}},{"start":{"line":81,"column":9},"end":{"line":83,"column":null}}]},"13":{"loc":{"start":{"line":103,"column":4},"end":{"line":116,"column":null}},"type":"if","locations":[{"start":{"line":103,"column":4},"end":{"line":116,"column":null}}]},"14":{"loc":{"start":{"line":106,"column":6},"end":{"line":113,"column":null}},"type":"if","locations":[{"start":{"line":106,"column":6},"end":{"line":113,"column":null}}]},"15":{"loc":{"start":{"line":108,"column":10},"end":{"line":111,"column":null}},"type":"if","locations":[{"start":{"line":108,"column":10},"end":{"line":111,"column":null}}]},"16":{"loc":{"start":{"line":121,"column":23},"end":{"line":121,"column":98}},"type":"cond-expr","locations":[{"start":{"line":121,"column":43},"end":{"line":121,"column":86}},{"start":{"line":121,"column":89},"end":{"line":121,"column":98}}]}},"s":{"0":1,"1":1,"2":1,"3":1,"4":1,"5":0,"6":0,"7":0,"8":0,"9":0,"10":0,"11":0,"12":0,"13":0,"14":0,"15":0,"16":0,"17":0,"18":0,"19":0,"20":0,"21":0,"22":0,"23":0,"24":0,"25":0,"26":0,"27":0,"28":0,"29":0,"30":0,"31":0,"32":0,"33":0,"34":0,"35":0,"36":0,"37":0,"38":0,"39":0,"40":0,"41":0,"42":0,"43":0,"44":0,"45":0,"46":0,"47":0,"48":0,"49":0,"50":0,"51":0,"52":1},"f":{"0":0,"1":0,"2":0,"3":0,"4":0,"5":0,"6":0,"7":0},"b":{"0":[0],"1":[0],"2":[0,0],"3":[0],"4":[0,0],"5":[0,0],"6":[0,0],"7":[0,0],"8":[0,0],"9":[0,0],"10":[0],"11":[0],"12":[0,0],"13":[0],"14":[0],"15":[0],"16":[0,0]}}
,"/home/cafadev/Documentos/projects/cafadev/fancy-crud/src/core/components/FSelect.tsx": {"path":"/home/cafadev/Documentos/projects/cafadev/fancy-crud/src/core/components/FSelect.tsx","statementMap":{"0":{"start":{"line":1,"column":0},"end":{"line":1,"column":27}},"1":{"start":{"line":2,"column":0},"end":{"line":2,"column":70}},"2":{"start":{"line":18,"column":6},"end":{"line":18,"column":11}},"3":{"start":{"line":20,"column":21},"end":{"line":20,"column":33}},"4":{"start":{"line":21,"column":39},"end":{"line":21,"column":90}},"5":{"start":{"line":24,"column":28},"end":{"line":24,"column":89}},"6":{"start":{"line":26,"column":4},"end":{"line":31,"column":null}},"7":{"start":{"line":35,"column":2},"end":{"line":53,"column":null}},"8":{"start":{"line":36,"column":19},"end":{"line":36,"column":48}},"9":{"start":{"line":38,"column":4},"end":{"line":52,"column":null}},"10":{"start":{"line":39,"column":23},"end":{"line":49,"column":8}},"11":{"start":{"line":40,"column":29},"end":{"line":40,"column":55}},"12":{"start":{"line":41,"column":29},"end":{"line":41,"column":55}},"13":{"start":{"line":42,"column":29},"end":{"line":42,"column":72}},"14":{"start":{"line":44,"column":34},"end":{"line":44,"column":88}},"15":{"start":{"line":46,"column":8},"end":{"line":48,"column":null}},"16":{"start":{"line":51,"column":6},"end":{"line":51,"column":null}},"17":{"start":{"line":55,"column":2},"end":{"line":55,"column":null}},"18":{"start":{"line":4,"column":0},"end":{"line":4,"column":16}}},"fnMap":{"0":{"name":"FSelect","decl":{"start":{"line":4,"column":16},"end":{"line":4,"column":23}},"loc":{"start":{"line":4,"column":34},"end":{"line":56,"column":1}}},"1":{"name":"(anonymous_1)","decl":{"start":{"line":39,"column":41},"end":{"line":39,"column":42}},"loc":{"start":{"line":39,"column":56},"end":{"line":49,"column":7}}}},"branchMap":{"0":{"loc":{"start":{"line":31,"column":38},"end":{"line":31,"column":71}},"type":"cond-expr","locations":[{"start":{"line":31,"column":54},"end":{"line":31,"column":60}},{"start":{"line":31,"column":63},"end":{"line":31,"column":71}}]},"1":{"loc":{"start":{"line":35,"column":2},"end":{"line":53,"column":null}},"type":"if","locations":[{"start":{"line":35,"column":2},"end":{"line":53,"column":null}}]},"2":{"loc":{"start":{"line":38,"column":4},"end":{"line":52,"column":null}},"type":"if","locations":[{"start":{"line":38,"column":4},"end":{"line":52,"column":null}}]},"3":{"loc":{"start":{"line":42,"column":29},"end":{"line":42,"column":72}},"type":"cond-expr","locations":[{"start":{"line":42,"column":42},"end":{"line":42,"column":65}},{"start":{"line":42,"column":68},"end":{"line":42,"column":72}}]},"4":{"loc":{"start":{"line":44,"column":34},"end":{"line":44,"column":88}},"type":"cond-expr","locations":[{"start":{"line":44,"column":65},"end":{"line":44,"column":83}},{"start":{"line":44,"column":86},"end":{"line":44,"column":88}}]}},"s":{"0":1,"1":1,"2":0,"3":0,"4":0,"5":0,"6":0,"7":0,"8":0,"9":0,"10":0,"11":0,"12":0,"13":0,"14":0,"15":0,"16":0,"17":0,"18":1},"f":{"0":0,"1":0},"b":{"0":[0,0],"1":[0],"2":[0],"3":[0,0],"4":[0,0]}}
,"/home/cafadev/Documentos/projects/cafadev/fancy-crud/src/core/components/FTextarea.tsx": {"path":"/home/cafadev/Documentos/projects/cafadev/fancy-crud/src/core/components/FTextarea.tsx","statementMap":{"0":{"start":{"line":1,"column":0},"end":{"line":1,"column":27}},"1":{"start":{"line":3,"column":0},"end":{"line":3,"column":65}},"2":{"start":{"line":6,"column":70},"end":{"line":6,"column":74}},"3":{"start":{"line":18,"column":4},"end":{"line":21,"column":null}},"4":{"start":{"line":25,"column":2},"end":{"line":25,"column":null}},"5":{"start":{"line":5,"column":0},"end":{"line":5,"column":16}}},"fnMap":{"0":{"name":"FTextarea","decl":{"start":{"line":5,"column":16},"end":{"line":5,"column":25}},"loc":{"start":{"line":5,"column":48},"end":{"line":26,"column":1}}}},"branchMap":{"0":{"loc":{"start":{"line":21,"column":38},"end":{"line":21,"column":71}},"type":"cond-expr","locations":[{"start":{"line":21,"column":54},"end":{"line":21,"column":60}},{"start":{"line":21,"column":63},"end":{"line":21,"column":71}}]}},"s":{"0":1,"1":1,"2":0,"3":0,"4":0,"5":1},"f":{"0":0},"b":{"0":[0,0]}}
,"/home/cafadev/Documentos/projects/cafadev/fancy-crud/src/core/components/base.tsx": {"path":"/home/cafadev/Documentos/projects/cafadev/fancy-crud/src/core/components/base.tsx","statementMap":{"0":{"start":{"line":1,"column":0},"end":{"line":1,"column":27}},"1":{"start":{"line":5,"column":2},"end":{"line":9,"column":null}},"2":{"start":{"line":4,"column":0},"end":{"line":4,"column":16}},"3":{"start":{"line":13,"column":30},"end":{"line":13,"column":34}},"4":{"start":{"line":15,"column":19},"end":{"line":15,"column":48}},"5":{"start":{"line":16,"column":15},"end":{"line":16,"column":62}},"6":{"start":{"line":17,"column":18},"end":{"line":17,"column":65}},"7":{"start":{"line":18,"column":2},"end":{"line":18,"column":null}},"8":{"start":{"line":21,"column":4},"end":{"line":22,"column":null}},"9":{"start":{"line":26,"column":2},"end":{"line":26,"column":null}},"10":{"start":{"line":12,"column":0},"end":{"line":12,"column":16}},"11":{"start":{"line":30,"column":29},"end":{"line":30,"column":34}},"12":{"start":{"line":31,"column":22},"end":{"line":31,"column":64}},"13":{"start":{"line":33,"column":28},"end":{"line":33,"column":82}},"14":{"start":{"line":35,"column":2},"end":{"line":37,"column":null}},"15":{"start":{"line":36,"column":4},"end":{"line":36,"column":null}},"16":{"start":{"line":40,"column":4},"end":{"line":41,"column":null}},"17":{"start":{"line":45,"column":2},"end":{"line":45,"column":null}},"18":{"start":{"line":29,"column":0},"end":{"line":29,"column":16}},"19":{"start":{"line":49,"column":30},"end":{"line":49,"column":35}},"20":{"start":{"line":50,"column":18},"end":{"line":50,"column":81}},"21":{"start":{"line":51,"column":18},"end":{"line":51,"column":33}},"22":{"start":{"line":53,"column":2},"end":{"line":55,"column":null}},"23":{"start":{"line":54,"column":4},"end":{"line":54,"column":null}},"24":{"start":{"line":57,"column":2},"end":{"line":57,"column":null}},"25":{"start":{"line":59,"column":21},"end":{"line":62,"column":null}},"26":{"start":{"line":60,"column":4},"end":{"line":61,"column":null}},"27":{"start":{"line":66,"column":4},"end":{"line":66,"column":97}},"28":{"start":{"line":66,"column":70},"end":{"line":66,"column":73}},"29":{"start":{"line":69,"column":20},"end":{"line":75,"column":10}},"30":{"start":{"line":77,"column":2},"end":{"line":77,"column":null}},"31":{"start":{"line":48,"column":0},"end":{"line":48,"column":16}},"32":{"start":{"line":81,"column":30},"end":{"line":81,"column":69}},"33":{"start":{"line":82,"column":24},"end":{"line":82,"column":73}},"34":{"start":{"line":84,"column":16},"end":{"line":84,"column":45}},"35":{"start":{"line":87,"column":4},"end":{"line":95,"column":null}},"36":{"start":{"line":99,"column":2},"end":{"line":99,"column":null}},"37":{"start":{"line":80,"column":0},"end":{"line":80,"column":16}}},"fnMap":{"0":{"name":"ControlsContainer","decl":{"start":{"line":4,"column":16},"end":{"line":4,"column":33}},"loc":{"start":{"line":4,"column":48},"end":{"line":10,"column":1}}},"1":{"name":"ControlWrap","decl":{"start":{"line":12,"column":16},"end":{"line":12,"column":27}},"loc":{"start":{"line":12,"column":49},"end":{"line":27,"column":1}}},"2":{"name":"ControlLabel","decl":{"start":{"line":29,"column":16},"end":{"line":29,"column":28}},"loc":{"start":{"line":29,"column":43},"end":{"line":46,"column":1}}},"3":{"name":"ControlHintMessage","decl":{"start":{"line":48,"column":16},"end":{"line":48,"column":34}},"loc":{"start":{"line":48,"column":49},"end":{"line":78,"column":1}}},"4":{"name":"(anonymous_4)","decl":{"start":{"line":59,"column":21},"end":{"line":59,"column":22}},"loc":{"start":{"line":60,"column":4},"end":{"line":61,"column":null}}},"5":{"name":"(anonymous_5)","decl":{"start":{"line":66,"column":65},"end":{"line":66,"column":66}},"loc":{"start":{"line":66,"column":70},"end":{"line":66,"column":73}}},"6":{"name":"GeneralMessageError","decl":{"start":{"line":80,"column":16},"end":{"line":80,"column":35}},"loc":{"start":{"line":80,"column":84},"end":{"line":100,"column":1}}}},"branchMap":{"0":{"loc":{"start":{"line":16,"column":15},"end":{"line":16,"column":62}},"type":"cond-expr","locations":[{"start":{"line":16,"column":32},"end":{"line":16,"column":46}},{"start":{"line":16,"column":49},"end":{"line":16,"column":62}}]},"1":{"loc":{"start":{"line":17,"column":18},"end":{"line":17,"column":65}},"type":"cond-expr","locations":[{"start":{"line":17,"column":36},"end":{"line":17,"column":51}},{"start":{"line":17,"column":54},"end":{"line":17,"column":65}}]},"2":{"loc":{"start":{"line":31,"column":22},"end":{"line":31,"column":64}},"type":"binary-expr","locations":[{"start":{"line":31,"column":22},"end":{"line":31,"column":45}},{"start":{"line":31,"column":49},"end":{"line":31,"column":64}}]},"3":{"loc":{"start":{"line":35,"column":2},"end":{"line":37,"column":null}},"type":"if","locations":[{"start":{"line":35,"column":2},"end":{"line":37,"column":null}}]},"4":{"loc":{"start":{"line":45,"column":9},"end":{"line":45,"column":33}},"type":"cond-expr","locations":[{"start":{"line":45,"column":17},"end":{"line":45,"column":26}},{"start":{"line":45,"column":29},"end":{"line":45,"column":33}}]},"5":{"loc":{"start":{"line":53,"column":2},"end":{"line":55,"column":null}},"type":"if","locations":[{"start":{"line":53,"column":2},"end":{"line":55,"column":null}}]},"6":{"loc":{"start":{"line":66,"column":4},"end":{"line":66,"column":97}},"type":"cond-expr","locations":[{"start":{"line":66,"column":77},"end":{"line":66,"column":85}},{"start":{"line":66,"column":88},"end":{"line":66,"column":97}}]},"7":{"loc":{"start":{"line":66,"column":4},"end":{"line":66,"column":74}},"type":"binary-expr","locations":[{"start":{"line":66,"column":4},"end":{"line":66,"column":27}},{"start":{"line":66,"column":31},"end":{"line":66,"column":46}},{"start":{"line":66,"column":50},"end":{"line":66,"column":74}}]},"8":{"loc":{"start":{"line":69,"column":20},"end":{"line":75,"column":10}},"type":"cond-expr","locations":[{"start":{"line":70,"column":4},"end":{"line":73,"column":null}},{"start":{"line":75,"column":6},"end":{"line":75,"column":10}}]},"9":{"loc":{"start":{"line":82,"column":24},"end":{"line":82,"column":73}},"type":"cond-expr","locations":[{"start":{"line":82,"column":39},"end":{"line":82,"column":51}},{"start":{"line":82,"column":54},"end":{"line":82,"column":73}}]},"10":{"loc":{"start":{"line":84,"column":16},"end":{"line":84,"column":45}},"type":"cond-expr","locations":[{"start":{"line":84,"column":23},"end":{"line":84,"column":27}},{"start":{"line":84,"column":30},"end":{"line":84,"column":45}}]}},"s":{"0":1,"1":0,"2":1,"3":0,"4":0,"5":0,"6":0,"7":0,"8":0,"9":0,"10":1,"11":0,"12":0,"13":0,"14":0,"15":0,"16":0,"17":0,"18":1,"19":0,"20":0,"21":0,"22":0,"23":0,"24":0,"25":0,"26":0,"27":0,"28":0,"29":0,"30":0,"31":1,"32":0,"33":0,"34":0,"35":0,"36":0,"37":1},"f":{"0":0,"1":0,"2":0,"3":0,"4":0,"5":0,"6":0},"b":{"0":[0,0],"1":[0,0],"2":[0,0],"3":[0],"4":[0,0],"5":[0],"6":[0,0],"7":[0,0,0],"8":[0,0],"9":[0,0],"10":[0,0]}}
,"/home/cafadev/Documentos/projects/cafadev/fancy-crud/src/core/components/index.ts": {"path":"/home/cafadev/Documentos/projects/cafadev/fancy-crud/src/core/components/index.ts","statementMap":{"0":{"start":{"line":1,"column":0},"end":{"line":1,"column":22}},"1":{"start":{"line":2,"column":0},"end":{"line":2,"column":23}},"2":{"start":{"line":3,"column":0},"end":{"line":3,"column":23}},"3":{"start":{"line":4,"column":0},"end":{"line":4,"column":25}},"4":{"start":{"line":5,"column":0},"end":{"line":5,"column":25}},"5":{"start":{"line":6,"column":0},"end":{"line":6,"column":24}},"6":{"start":{"line":7,"column":0},"end":{"line":7,"column":32}},"7":{"start":{"line":8,"column":0},"end":{"line":8,"column":27}},"8":{"start":{"line":9,"column":0},"end":{"line":9,"column":28}},"9":{"start":{"line":10,"column":0},"end":{"line":10,"column":24}},"10":{"start":{"line":11,"column":0},"end":{"line":11,"column":25}},"11":{"start":{"line":12,"column":0},"end":{"line":12,"column":25}},"12":{"start":{"line":13,"column":0},"end":{"line":13,"column":23}}},"fnMap":{},"branchMap":{},"s":{"0":1,"1":1,"2":1,"3":1,"4":1,"5":1,"6":1,"7":1,"8":1,"9":1,"10":1,"11":1,"12":1},"f":{},"b":{}}
,"/home/cafadev/Documentos/projects/cafadev/fancy-crud/src/core/form/builder.ts": {"path":"/home/cafadev/Documentos/projects/cafadev/fancy-crud/src/core/form/builder.ts","statementMap":{"0":{"start":{"line":1,"column":0},"end":{"line":1,"column":null}},"1":{"start":{"line":9,"column":0},"end":{"line":9,"column":74}},"2":{"start":{"line":10,"column":0},"end":{"line":10,"column":42}},"3":{"start":{"line":12,"column":0},"end":{"line":12,"column":40}},"4":{"start":{"line":18,"column":2},"end":{"line":18,"column":53}},"5":{"start":{"line":18,"column":46},"end":{"line":18,"column":53}},"6":{"start":{"line":20,"column":2},"end":{"line":39,"column":5}},"7":{"start":{"line":21,"column":4},"end":{"line":38,"column":null}},"8":{"start":{"line":22,"column":6},"end":{"line":27,"column":10}},"9":{"start":{"line":25,"column":41},"end":{"line":25,"column":66}},"10":{"start":{"line":30,"column":22},"end":{"line":34,"column":null}},"11":{"start":{"line":33,"column":39},"end":{"line":33,"column":64}},"12":{"start":{"line":37,"column":6},"end":{"line":37,"column":null}},"13":{"start":{"line":14,"column":0},"end":{"line":14,"column":16}},"14":{"start":{"line":45,"column":47},"end":{"line":45,"column":49}},"15":{"start":{"line":46,"column":34},"end":{"line":46,"column":38}},"16":{"start":{"line":48,"column":27},"end":{"line":81,"column":3}},"17":{"start":{"line":49,"column":20},"end":{"line":49,"column":54}},"18":{"start":{"line":51,"column":29},"end":{"line":64,"column":5}},"19":{"start":{"line":52,"column":26},"end":{"line":52,"column":51}},"20":{"start":{"line":53,"column":24},"end":{"line":53,"column":42}},"21":{"start":{"line":55,"column":6},"end":{"line":63,"column":null}},"22":{"start":{"line":56,"column":8},"end":{"line":59,"column":null}},"23":{"start":{"line":62,"column":8},"end":{"line":62,"column":null}},"24":{"start":{"line":66,"column":4},"end":{"line":69,"column":null}},"25":{"start":{"line":67,"column":6},"end":{"line":67,"column":null}},"26":{"start":{"line":68,"column":6},"end":{"line":68,"column":12}},"27":{"start":{"line":71,"column":4},"end":{"line":73,"column":null}},"28":{"start":{"line":72,"column":6},"end":{"line":72,"column":null}},"29":{"start":{"line":75,"column":4},"end":{"line":78,"column":null}},"30":{"start":{"line":76,"column":7},"end":{"line":76,"column":65}},"31":{"start":{"line":77,"column":6},"end":{"line":77,"column":12}},"32":{"start":{"line":80,"column":4},"end":{"line":80,"column":null}},"33":{"start":{"line":83,"column":26},"end":{"line":102,"column":3}},"34":{"start":{"line":84,"column":20},"end":{"line":84,"column":46}},"35":{"start":{"line":86,"column":4},"end":{"line":88,"column":null}},"36":{"start":{"line":87,"column":6},"end":{"line":87,"column":null}},"37":{"start":{"line":90,"column":4},"end":{"line":100,"column":null}},"38":{"start":{"line":91,"column":6},"end":{"line":98,"column":null}},"39":{"start":{"line":92,"column":8},"end":{"line":94,"column":null}},"40":{"start":{"line":93,"column":26},"end":{"line":93,"column":57}},"41":{"start":{"line":97,"column":8},"end":{"line":97,"column":51}},"42":{"start":{"line":99,"column":6},"end":{"line":99,"column":12}},"43":{"start":{"line":101,"column":4},"end":{"line":101,"column":51}},"44":{"start":{"line":104,"column":22},"end":{"line":107,"column":3}},"45":{"start":{"line":105,"column":25},"end":{"line":105,"column":41}},"46":{"start":{"line":106,"column":4},"end":{"line":106,"column":null}},"47":{"start":{"line":109,"column":2},"end":{"line":126,"column":5}},"48":{"start":{"line":110,"column":4},"end":{"line":113,"column":null}},"49":{"start":{"line":111,"column":6},"end":{"line":111,"column":null}},"50":{"start":{"line":112,"column":6},"end":{"line":112,"column":12}},"51":{"start":{"line":115,"column":26},"end":{"line":116,"column":null}},"52":{"start":{"line":116,"column":14},"end":{"line":116,"column":33}},"53":{"start":{"line":119,"column":4},"end":{"line":123,"column":null}},"54":{"start":{"line":120,"column":6},"end":{"line":120,"column":null}},"55":{"start":{"line":122,"column":6},"end":{"line":122,"column":null}},"56":{"start":{"line":125,"column":4},"end":{"line":125,"column":null}},"57":{"start":{"line":128,"column":2},"end":{"line":128,"column":42}},"58":{"start":{"line":42,"column":0},"end":{"line":42,"column":16}},"59":{"start":{"line":132,"column":17},"end":{"line":132,"column":52}},"60":{"start":{"line":133,"column":2},"end":{"line":133,"column":null}},"61":{"start":{"line":131,"column":0},"end":{"line":131,"column":16}},"62":{"start":{"line":137,"column":16},"end":{"line":137,"column":20}},"63":{"start":{"line":139,"column":2},"end":{"line":150,"column":null}},"64":{"start":{"line":140,"column":4},"end":{"line":143,"column":null}},"65":{"start":{"line":141,"column":6},"end":{"line":141,"column":null}},"66":{"start":{"line":142,"column":6},"end":{"line":142,"column":12}},"67":{"start":{"line":145,"column":19},"end":{"line":145,"column":66}},"68":{"start":{"line":147,"column":4},"end":{"line":149,"column":null}},"69":{"start":{"line":148,"column":6},"end":{"line":148,"column":null}},"70":{"start":{"line":152,"column":2},"end":{"line":154,"column":null}},"71":{"start":{"line":153,"column":4},"end":{"line":153,"column":null}},"72":{"start":{"line":136,"column":0},"end":{"line":136,"column":16}},"73":{"start":{"line":158,"column":39},"end":{"line":158,"column":43}},"74":{"start":{"line":160,"column":16},"end":{"line":160,"column":43}},"75":{"start":{"line":162,"column":20},"end":{"line":162,"column":51}},"76":{"start":{"line":164,"column":15},"end":{"line":169,"column":null}},"77":{"start":{"line":172,"column":32},"end":{"line":176,"column":3}},"78":{"start":{"line":173,"column":4},"end":{"line":175,"column":null}},"79":{"start":{"line":174,"column":6},"end":{"line":174,"column":null}},"80":{"start":{"line":178,"column":2},"end":{"line":178,"column":null}},"81":{"start":{"line":179,"column":2},"end":{"line":179,"column":null}},"82":{"start":{"line":181,"column":2},"end":{"line":181,"column":14}},"83":{"start":{"line":157,"column":0},"end":{"line":157,"column":16}}},"fnMap":{"0":{"name":"fillFieldsWithRecordValues","decl":{"start":{"line":14,"column":16},"end":{"line":14,"column":42}},"loc":{"start":{"line":16,"column":21},"end":{"line":40,"column":1}}},"1":{"name":"(anonymous_1)","decl":{"start":{"line":20,"column":33},"end":{"line":20,"column":34}},"loc":{"start":{"line":20,"column":55},"end":{"line":39,"column":3}}},"2":{"name":"(anonymous_2)","decl":{"start":{"line":25,"column":10},"end":{"line":25,"column":11}},"loc":{"start":{"line":25,"column":41},"end":{"line":25,"column":66}}},"3":{"name":"(anonymous_3)","decl":{"start":{"line":33,"column":8},"end":{"line":33,"column":9}},"loc":{"start":{"line":33,"column":39},"end":{"line":33,"column":64}}},"4":{"name":"getFormData","decl":{"start":{"line":42,"column":16},"end":{"line":42,"column":27}},"loc":{"start":{"line":42,"column":62},"end":{"line":129,"column":1}}},"5":{"name":"(anonymous_5)","decl":{"start":{"line":48,"column":27},"end":{"line":48,"column":28}},"loc":{"start":{"line":48,"column":60},"end":{"line":81,"column":3}}},"6":{"name":"(anonymous_6)","decl":{"start":{"line":51,"column":29},"end":{"line":51,"column":30}},"loc":{"start":{"line":51,"column":44},"end":{"line":64,"column":5}}},"7":{"name":"(anonymous_7)","decl":{"start":{"line":83,"column":26},"end":{"line":83,"column":27}},"loc":{"start":{"line":83,"column":58},"end":{"line":102,"column":3}}},"8":{"name":"(anonymous_8)","decl":{"start":{"line":93,"column":10},"end":{"line":93,"column":11}},"loc":{"start":{"line":93,"column":26},"end":{"line":93,"column":57}}},"9":{"name":"(anonymous_9)","decl":{"start":{"line":104,"column":22},"end":{"line":104,"column":23}},"loc":{"start":{"line":104,"column":54},"end":{"line":107,"column":3}}},"10":{"name":"(anonymous_10)","decl":{"start":{"line":109,"column":38},"end":{"line":109,"column":39}},"loc":{"start":{"line":109,"column":60},"end":{"line":126,"column":3}}},"11":{"name":"(anonymous_11)","decl":{"start":{"line":116,"column":6},"end":{"line":116,"column":10}},"loc":{"start":{"line":116,"column":14},"end":{"line":116,"column":33}}},"12":{"name":"setModelValue","decl":{"start":{"line":131,"column":16},"end":{"line":131,"column":29}},"loc":{"start":{"line":131,"column":71},"end":{"line":134,"column":1}}},"13":{"name":"validateForm","decl":{"start":{"line":136,"column":16},"end":{"line":136,"column":28}},"loc":{"start":{"line":136,"column":59},"end":{"line":155,"column":1}}},"14":{"name":"(anonymous_14)","decl":{"start":{"line":139,"column":38},"end":{"line":139,"column":39}},"loc":{"start":{"line":139,"column":60},"end":{"line":150,"column":3}}},"15":{"name":"createForm","decl":{"start":{"line":157,"column":16},"end":{"line":157,"column":26}},"loc":{"start":{"line":157,"column":47},"end":{"line":182,"column":1}}},"16":{"name":"(anonymous_16)","decl":{"start":{"line":172,"column":32},"end":{"line":172,"column":35}},"loc":{"start":{"line":172,"column":37},"end":{"line":176,"column":3}}}},"branchMap":{"0":{"loc":{"start":{"line":18,"column":2},"end":{"line":18,"column":53}},"type":"if","locations":[{"start":{"line":18,"column":2},"end":{"line":18,"column":53}}]},"1":{"loc":{"start":{"line":18,"column":18},"end":{"line":18,"column":30}},"type":"binary-expr","locations":[{"start":{"line":18,"column":18},"end":{"line":18,"column":24}},{"start":{"line":18,"column":28},"end":{"line":18,"column":30}}]},"2":{"loc":{"start":{"line":21,"column":4},"end":{"line":38,"column":null}},"type":"if","locations":[{"start":{"line":21,"column":4},"end":{"line":38,"column":null}},{"start":{"line":29,"column":9},"end":{"line":38,"column":null}}]},"3":{"loc":{"start":{"line":21,"column":8},"end":{"line":21,"column":55}},"type":"binary-expr","locations":[{"start":{"line":21,"column":8},"end":{"line":21,"column":29}},{"start":{"line":21,"column":33},"end":{"line":21,"column":55}}]},"4":{"loc":{"start":{"line":49,"column":20},"end":{"line":49,"column":54}},"type":"binary-expr","locations":[{"start":{"line":49,"column":20},"end":{"line":49,"column":34}},{"start":{"line":49,"column":38},"end":{"line":49,"column":54}}]},"5":{"loc":{"start":{"line":55,"column":6},"end":{"line":63,"column":null}},"type":"if","locations":[{"start":{"line":55,"column":6},"end":{"line":63,"column":null}},{"start":{"line":61,"column":11},"end":{"line":63,"column":null}}]},"6":{"loc":{"start":{"line":57,"column":10},"end":{"line":59,"column":63}},"type":"cond-expr","locations":[{"start":{"line":58,"column":10},"end":{"line":58,"column":21}},{"start":{"line":59,"column":11},"end":{"line":59,"column":63}}]},"7":{"loc":{"start":{"line":66,"column":4},"end":{"line":69,"column":null}},"type":"if","locations":[{"start":{"line":66,"column":4},"end":{"line":69,"column":null}}]},"8":{"loc":{"start":{"line":71,"column":4},"end":{"line":73,"column":null}},"type":"if","locations":[{"start":{"line":71,"column":4},"end":{"line":73,"column":null}}]},"9":{"loc":{"start":{"line":75,"column":4},"end":{"line":78,"column":null}},"type":"if","locations":[{"start":{"line":75,"column":4},"end":{"line":78,"column":null}}]},"10":{"loc":{"start":{"line":84,"column":20},"end":{"line":84,"column":46}},"type":"binary-expr","locations":[{"start":{"line":84,"column":20},"end":{"line":84,"column":34}},{"start":{"line":84,"column":38},"end":{"line":84,"column":46}}]},"11":{"loc":{"start":{"line":86,"column":4},"end":{"line":88,"column":null}},"type":"if","locations":[{"start":{"line":86,"column":4},"end":{"line":88,"column":null}}]},"12":{"loc":{"start":{"line":90,"column":4},"end":{"line":100,"column":null}},"type":"if","locations":[{"start":{"line":90,"column":4},"end":{"line":100,"column":null}}]},"13":{"loc":{"start":{"line":91,"column":6},"end":{"line":98,"column":null}},"type":"if","locations":[{"start":{"line":91,"column":6},"end":{"line":98,"column":null}},{"start":{"line":96,"column":11},"end":{"line":98,"column":null}}]},"14":{"loc":{"start":{"line":106,"column":13},"end":{"line":106,"column":39}},"type":"binary-expr","locations":[{"start":{"line":106,"column":13},"end":{"line":106,"column":27}},{"start":{"line":106,"column":31},"end":{"line":106,"column":39}}]},"15":{"loc":{"start":{"line":110,"column":4},"end":{"line":113,"column":null}},"type":"if","locations":[{"start":{"line":110,"column":4},"end":{"line":113,"column":null}}]},"16":{"loc":{"start":{"line":110,"column":8},"end":{"line":110,"column":38}},"type":"binary-expr","locations":[{"start":{"line":110,"column":8},"end":{"line":110,"column":17}},{"start":{"line":110,"column":21},"end":{"line":110,"column":38}}]},"17":{"loc":{"start":{"line":119,"column":4},"end":{"line":123,"column":null}},"type":"if","locations":[{"start":{"line":119,"column":4},"end":{"line":123,"column":null}},{"start":{"line":121,"column":11},"end":{"line":123,"column":null}}]},"18":{"loc":{"start":{"line":119,"column":8},"end":{"line":119,"column":41}},"type":"binary-expr","locations":[{"start":{"line":119,"column":8},"end":{"line":119,"column":21}},{"start":{"line":119,"column":25},"end":{"line":119,"column":41}}]},"19":{"loc":{"start":{"line":140,"column":4},"end":{"line":143,"column":null}},"type":"if","locations":[{"start":{"line":140,"column":4},"end":{"line":143,"column":null}}]},"20":{"loc":{"start":{"line":147,"column":4},"end":{"line":149,"column":null}},"type":"if","locations":[{"start":{"line":147,"column":4},"end":{"line":149,"column":null}}]},"21":{"loc":{"start":{"line":152,"column":2},"end":{"line":154,"column":null}},"type":"if","locations":[{"start":{"line":152,"column":2},"end":{"line":154,"column":null}}]},"22":{"loc":{"start":{"line":173,"column":4},"end":{"line":175,"column":null}},"type":"if","locations":[{"start":{"line":173,"column":4},"end":{"line":175,"column":null}}]},"23":{"loc":{"start":{"line":173,"column":8},"end":{"line":173,"column":57}},"type":"binary-expr","locations":[{"start":{"line":173,"column":8},"end":{"line":173,"column":47}},{"start":{"line":173,"column":51},"end":{"line":173,"column":57}}]}},"s":{"0":1,"1":1,"2":1,"3":1,"4":0,"5":0,"6":0,"7":0,"8":0,"9":0,"10":0,"11":0,"12":0,"13":1,"14":0,"15":0,"16":0,"17":0,"18":0,"19":0,"20":0,"21":0,"22":0,"23":0,"24":0,"25":0,"26":0,"27":0,"28":0,"29":0,"30":0,"31":0,"32":0,"33":0,"34":0,"35":0,"36":0,"37":0,"38":0,"39":0,"40":0,"41":0,"42":0,"43":0,"44":0,"45":0,"46":0,"47":0,"48":0,"49":0,"50":0,"51":0,"52":0,"53":0,"54":0,"55":0,"56":0,"57":0,"58":1,"59":0,"60":0,"61":1,"62":0,"63":0,"64":0,"65":0,"66":0,"67":0,"68":0,"69":0,"70":0,"71":0,"72":1,"73":0,"74":0,"75":0,"76":0,"77":0,"78":0,"79":0,"80":0,"81":0,"82":0,"83":1},"f":{"0":0,"1":0,"2":0,"3":0,"4":0,"5":0,"6":0,"7":0,"8":0,"9":0,"10":0,"11":0,"12":0,"13":0,"14":0,"15":0,"16":0},"b":{"0":[0],"1":[0,0],"2":[0,0],"3":[0,0],"4":[0,0],"5":[0,0],"6":[0,0],"7":[0],"8":[0],"9":[0],"10":[0,0],"11":[0],"12":[0],"13":[0,0],"14":[0,0],"15":[0],"16":[0,0],"17":[0,0],"18":[0,0],"19":[0],"20":[0],"21":[0],"22":[0],"23":[0,0]}}
,"/home/cafadev/Documentos/projects/cafadev/fancy-crud/src/core/form/index.ts": {"path":"/home/cafadev/Documentos/projects/cafadev/fancy-crud/src/core/form/index.ts","statementMap":{"0":{"start":{"line":1,"column":0},"end":{"line":1,"column":26}},"1":{"start":{"line":2,"column":0},"end":{"line":2,"column":29}},"2":{"start":{"line":3,"column":0},"end":{"line":3,"column":23}},"3":{"start":{"line":4,"column":0},"end":{"line":4,"column":23}}},"fnMap":{},"branchMap":{},"s":{"0":1,"1":1,"2":1,"3":1},"f":{},"b":{}}
,"/home/cafadev/Documentos/projects/cafadev/fancy-crud/src/core/form/normalizers.ts": {"path":"/home/cafadev/Documentos/projects/cafadev/fancy-crud/src/core/form/normalizers.ts","statementMap":{"0":{"start":{"line":1,"column":0},"end":{"line":1,"column":null}},"1":{"start":{"line":11,"column":0},"end":{"line":11,"column":30}},"2":{"start":{"line":12,"column":0},"end":{"line":12,"column":37}},"3":{"start":{"line":17,"column":17},"end":{"line":17,"column":47}},"4":{"start":{"line":19,"column":2},"end":{"line":30,"column":5}},"5":{"start":{"line":32,"column":2},"end":{"line":34,"column":null}},"6":{"start":{"line":33,"column":4},"end":{"line":33,"column":28}},"7":{"start":{"line":36,"column":2},"end":{"line":38,"column":null}},"8":{"start":{"line":37,"column":4},"end":{"line":37,"column":24}},"9":{"start":{"line":40,"column":44},"end":{"line":53,"column":null}},"10":{"start":{"line":55,"column":2},"end":{"line":55,"column":null}},"11":{"start":{"line":57,"column":2},"end":{"line":57,"column":null}},"12":{"start":{"line":16,"column":0},"end":{"line":16,"column":16}},"13":{"start":{"line":61,"column":27},"end":{"line":61,"column":49}},"14":{"start":{"line":63,"column":2},"end":{"line":71,"column":5}},"15":{"start":{"line":64,"column":19},"end":{"line":64,"column":53}},"16":{"start":{"line":66,"column":4},"end":{"line":66,"column":29}},"17":{"start":{"line":68,"column":4},"end":{"line":70,"column":7}},"18":{"start":{"line":73,"column":2},"end":{"line":73,"column":26}},"19":{"start":{"line":60,"column":0},"end":{"line":60,"column":16}},"20":{"start":{"line":77,"column":28},"end":{"line":82,"column":null}},"21":{"start":{"line":84,"column":27},"end":{"line":90,"column":null}},"22":{"start":{"line":92,"column":21},"end":{"line":92,"column":56}},"23":{"start":{"line":93,"column":20},"end":{"line":93,"column":54}},"24":{"start":{"line":95,"column":29},"end":{"line":104,"column":25}},"25":{"start":{"line":106,"column":2},"end":{"line":111,"column":null}},"26":{"start":{"line":107,"column":4},"end":{"line":110,"column":null}},"27":{"start":{"line":113,"column":2},"end":{"line":118,"column":null}},"28":{"start":{"line":114,"column":4},"end":{"line":117,"column":null}},"29":{"start":{"line":120,"column":2},"end":{"line":120,"column":null}},"30":{"start":{"line":76,"column":0},"end":{"line":76,"column":16}},"31":{"start":{"line":124,"column":24},"end":{"line":127,"column":null}},"32":{"start":{"line":129,"column":2},"end":{"line":129,"column":null}},"33":{"start":{"line":129,"column":14},"end":{"line":129,"column":null}},"34":{"start":{"line":133,"column":2},"end":{"line":141,"column":null}},"35":{"start":{"line":134,"column":4},"end":{"line":134,"column":null}},"36":{"start":{"line":137,"column":4},"end":{"line":140,"column":null}},"37":{"start":{"line":143,"column":2},"end":{"line":143,"column":null}},"38":{"start":{"line":123,"column":0},"end":{"line":123,"column":16}},"39":{"start":{"line":147,"column":20},"end":{"line":153,"column":4}},"40":{"start":{"line":155,"column":2},"end":{"line":155,"column":null}},"41":{"start":{"line":146,"column":0},"end":{"line":146,"column":16}}},"fnMap":{"0":{"name":"createDefaultKeys","decl":{"start":{"line":16,"column":16},"end":{"line":16,"column":33}},"loc":{"start":{"line":16,"column":73},"end":{"line":58,"column":1}}},"1":{"name":"normalizeFormFields","decl":{"start":{"line":60,"column":16},"end":{"line":60,"column":35}},"loc":{"start":{"line":60,"column":50},"end":{"line":74,"column":1}}},"2":{"name":"(anonymous_3)","decl":{"start":{"line":63,"column":33},"end":{"line":63,"column":34}},"loc":{"start":{"line":63,"column":55},"end":{"line":71,"column":3}}},"3":{"name":"normalizeButtons","decl":{"start":{"line":76,"column":16},"end":{"line":76,"column":32}},"loc":{"start":{"line":76,"column":50},"end":{"line":121,"column":1}}},"4":{"name":"normalizeTitle","decl":{"start":{"line":123,"column":16},"end":{"line":123,"column":30}},"loc":{"start":{"line":123,"column":53},"end":{"line":144,"column":1}}},"5":{"name":"normalizeFormSettings","decl":{"start":{"line":146,"column":16},"end":{"line":146,"column":37}},"loc":{"start":{"line":146,"column":56},"end":{"line":156,"column":1}}}},"branchMap":{"0":{"loc":{"start":{"line":25,"column":16},"end":{"line":25,"column":42}},"type":"cond-expr","locations":[{"start":{"line":25,"column":33},"end":{"line":25,"column":35}},{"start":{"line":25,"column":38},"end":{"line":25,"column":42}}]},"1":{"loc":{"start":{"line":32,"column":2},"end":{"line":34,"column":null}},"type":"if","locations":[{"start":{"line":32,"column":2},"end":{"line":34,"column":null}}]},"2":{"loc":{"start":{"line":36,"column":2},"end":{"line":38,"column":null}},"type":"if","locations":[{"start":{"line":36,"column":2},"end":{"line":38,"column":null}}]},"3":{"loc":{"start":{"line":36,"column":6},"end":{"line":36,"column":35}},"type":"binary-expr","locations":[{"start":{"line":36,"column":6},"end":{"line":36,"column":16}},{"start":{"line":36,"column":20},"end":{"line":36,"column":35}}]},"4":{"loc":{"start":{"line":55,"column":20},"end":{"line":55,"column":55}},"type":"binary-expr","locations":[{"start":{"line":55,"column":20},"end":{"line":55,"column":43}},{"start":{"line":55,"column":47},"end":{"line":55,"column":55}}]},"5":{"loc":{"start":{"line":92,"column":21},"end":{"line":92,"column":56}},"type":"cond-expr","locations":[{"start":{"line":92,"column":32},"end":{"line":92,"column":50}},{"start":{"line":92,"column":54},"end":{"line":92,"column":56}}]},"6":{"loc":{"start":{"line":92,"column":32},"end":{"line":92,"column":50}},"type":"binary-expr","locations":[{"start":{"line":92,"column":32},"end":{"line":92,"column":44}},{"start":{"line":92,"column":48},"end":{"line":92,"column":50}}]},"7":{"loc":{"start":{"line":93,"column":20},"end":{"line":93,"column":54}},"type":"cond-expr","locations":[{"start":{"line":93,"column":31},"end":{"line":93,"column":48}},{"start":{"line":93,"column":52},"end":{"line":93,"column":54}}]},"8":{"loc":{"start":{"line":93,"column":31},"end":{"line":93,"column":48}},"type":"binary-expr","locations":[{"start":{"line":93,"column":31},"end":{"line":93,"column":42}},{"start":{"line":93,"column":46},"end":{"line":93,"column":48}}]},"9":{"loc":{"start":{"line":106,"column":2},"end":{"line":111,"column":null}},"type":"if","locations":[{"start":{"line":106,"column":2},"end":{"line":111,"column":null}}]},"10":{"loc":{"start":{"line":113,"column":2},"end":{"line":118,"column":null}},"type":"if","locations":[{"start":{"line":113,"column":2},"end":{"line":118,"column":null}}]},"11":{"loc":{"start":{"line":129,"column":2},"end":{"line":129,"column":null}},"type":"if","locations":[{"start":{"line":129,"column":2},"end":{"line":129,"column":null}}]},"12":{"loc":{"start":{"line":133,"column":2},"end":{"line":141,"column":null}},"type":"if","locations":[{"start":{"line":133,"column":2},"end":{"line":141,"column":null}},{"start":{"line":136,"column":7},"end":{"line":141,"column":null}}]},"13":{"loc":{"start":{"line":148,"column":10},"end":{"line":148,"column":48}},"type":"binary-expr","locations":[{"start":{"line":148,"column":10},"end":{"line":148,"column":23}},{"start":{"line":148,"column":27},"end":{"line":148,"column":48}}]},"14":{"loc":{"start":{"line":149,"column":17},"end":{"line":149,"column":45}},"type":"binary-expr","locations":[{"start":{"line":149,"column":17},"end":{"line":149,"column":37}},{"start":{"line":149,"column":41},"end":{"line":149,"column":45}}]}},"s":{"0":1,"1":1,"2":1,"3":0,"4":0,"5":0,"6":0,"7":0,"8":0,"9":0,"10":0,"11":0,"12":1,"13":0,"14":0,"15":0,"16":0,"17":0,"18":0,"19":1,"20":0,"21":0,"22":0,"23":0,"24":0,"25":0,"26":0,"27":0,"28":0,"29":0,"30":1,"31":0,"32":0,"33":0,"34":0,"35":0,"36":0,"37":0,"38":1,"39":0,"40":0,"41":1},"f":{"0":0,"1":0,"2":0,"3":0,"4":0,"5":0},"b":{"0":[0,0],"1":[0],"2":[0],"3":[0,0],"4":[0,0],"5":[0,0],"6":[0,0],"7":[0,0],"8":[0,0],"9":[0],"10":[0],"11":[0],"12":[0,0],"13":[0,0],"14":[0,0]}}
,"/home/cafadev/Documentos/projects/cafadev/fancy-crud/src/core/form/rules.ts": {"path":"/home/cafadev/Documentos/projects/cafadev/fancy-crud/src/core/form/rules.ts","statementMap":{"0":{"start":{"line":14,"column":16},"end":{"line":14,"column":26}},"1":{"start":{"line":15,"column":2},"end":{"line":22,"column":null}},"2":{"start":{"line":16,"column":4},"end":{"line":21,"column":null}},"3":{"start":{"line":17,"column":27},"end":{"line":17,"column":40}},"4":{"start":{"line":18,"column":6},"end":{"line":20,"column":null}},"5":{"start":{"line":19,"column":8},"end":{"line":19,"column":48}},"6":{"start":{"line":13,"column":0},"end":{"line":13,"column":16}},"7":{"start":{"line":26,"column":2},"end":{"line":38,"column":null}},"8":{"start":{"line":27,"column":23},"end":{"line":27,"column":45}},"9":{"start":{"line":28,"column":27},"end":{"line":28,"column":29}},"10":{"start":{"line":30,"column":4},"end":{"line":30,"column":null}},"11":{"start":{"line":30,"column":20},"end":{"line":30,"column":null}},"12":{"start":{"line":32,"column":4},"end":{"line":34,"column":null}},"13":{"start":{"line":33,"column":6},"end":{"line":33,"column":null}},"14":{"start":{"line":36,"column":4},"end":{"line":36,"column":null}},"15":{"start":{"line":37,"column":4},"end":{"line":37,"column":null}},"16":{"start":{"line":25,"column":0},"end":{"line":25,"column":16}},"17":{"start":{"line":42,"column":23},"end":{"line":50,"column":3}},"18":{"start":{"line":43,"column":21},"end":{"line":47,"column":5}},"19":{"start":{"line":44,"column":6},"end":{"line":46,"column":8}},"20":{"start":{"line":49,"column":4},"end":{"line":49,"column":20}},"21":{"start":{"line":52,"column":23},"end":{"line":61,"column":3}},"22":{"start":{"line":53,"column":21},"end":{"line":58,"column":5}},"23":{"start":{"line":54,"column":23},"end":{"line":54,"column":36}},"24":{"start":{"line":55,"column":22},"end":{"line":55,"column":46}},"25":{"start":{"line":57,"column":6},"end":{"line":57,"column":67}},"26":{"start":{"line":60,"column":4},"end":{"line":60,"column":20}},"27":{"start":{"line":63,"column":20},"end":{"line":71,"column":3}},"28":{"start":{"line":64,"column":21},"end":{"line":68,"column":5}},"29":{"start":{"line":66,"column":8},"end":{"line":66,"column":158}},"30":{"start":{"line":67,"column":6},"end":{"line":67,"column":71}},"31":{"start":{"line":70,"column":4},"end":{"line":70,"column":20}},"32":{"start":{"line":73,"column":28},"end":{"line":92,"column":3}},"33":{"start":{"line":82,"column":21},"end":{"line":90,"column":5}},"34":{"start":{"line":83,"column":21},"end":{"line":83,"column":34}},"35":{"start":{"line":85,"column":6},"end":{"line":89,"column":8}},"36":{"start":{"line":91,"column":4},"end":{"line":91,"column":20}},"37":{"start":{"line":94,"column":2},"end":{"line":99,"column":4}},"38":{"start":{"line":41,"column":0},"end":{"line":41,"column":16}}},"fnMap":{"0":{"name":"parseRules","decl":{"start":{"line":13,"column":16},"end":{"line":13,"column":26}},"loc":{"start":{"line":13,"column":82},"end":{"line":23,"column":1}}},"1":{"name":"(anonymous_1)","decl":{"start":{"line":15,"column":17},"end":{"line":15,"column":18}},"loc":{"start":{"line":15,"column":41},"end":{"line":22,"column":3}}},"2":{"name":"validateRules","decl":{"start":{"line":25,"column":16},"end":{"line":25,"column":29}},"loc":{"start":{"line":25,"column":83},"end":{"line":39,"column":1}}},"3":{"name":"(anonymous_3)","decl":{"start":{"line":26,"column":27},"end":{"line":26,"column":31}},"loc":{"start":{"line":26,"column":34},"end":{"line":38,"column":3}}},"4":{"name":"useRules","decl":{"start":{"line":41,"column":16},"end":{"line":41,"column":24}},"loc":{"start":{"line":41,"column":24},"end":{"line":100,"column":1}}},"5":{"name":"(anonymous_5)","decl":{"start":{"line":42,"column":23},"end":{"line":42,"column":24}},"loc":{"start":{"line":42,"column":71},"end":{"line":50,"column":3}}},"6":{"name":"(anonymous_6)","decl":{"start":{"line":43,"column":21},"end":{"line":43,"column":22}},"loc":{"start":{"line":43,"column":54},"end":{"line":47,"column":5}}},"7":{"name":"(anonymous_7)","decl":{"start":{"line":52,"column":23},"end":{"line":52,"column":24}},"loc":{"start":{"line":52,"column":71},"end":{"line":61,"column":3}}},"8":{"name":"(anonymous_8)","decl":{"start":{"line":53,"column":21},"end":{"line":53,"column":22}},"loc":{"start":{"line":53,"column":54},"end":{"line":58,"column":5}}},"9":{"name":"(anonymous_9)","decl":{"start":{"line":63,"column":20},"end":{"line":63,"column":21}},"loc":{"start":{"line":63,"column":68},"end":{"line":71,"column":3}}},"10":{"name":"(anonymous_10)","decl":{"start":{"line":64,"column":21},"end":{"line":64,"column":22}},"loc":{"start":{"line":64,"column":57},"end":{"line":68,"column":5}}},"11":{"name":"(anonymous_11)","decl":{"start":{"line":73,"column":28},"end":{"line":73,"column":29}},"loc":{"start":{"line":81,"column":55},"end":{"line":92,"column":3}}},"12":{"name":"(anonymous_12)","decl":{"start":{"line":82,"column":21},"end":{"line":82,"column":22}},"loc":{"start":{"line":82,"column":48},"end":{"line":90,"column":5}}}},"branchMap":{"0":{"loc":{"start":{"line":16,"column":4},"end":{"line":21,"column":null}},"type":"if","locations":[{"start":{"line":16,"column":4},"end":{"line":21,"column":null}}]},"1":{"loc":{"start":{"line":18,"column":6},"end":{"line":20,"column":null}},"type":"if","locations":[{"start":{"line":18,"column":6},"end":{"line":20,"column":null}}]},"2":{"loc":{"start":{"line":30,"column":4},"end":{"line":30,"column":null}},"type":"if","locations":[{"start":{"line":30,"column":4},"end":{"line":30,"column":null}}]},"3":{"loc":{"start":{"line":32,"column":4},"end":{"line":34,"column":null}},"type":"if","locations":[{"start":{"line":32,"column":4},"end":{"line":34,"column":null}}]},"4":{"loc":{"start":{"line":45,"column":8},"end":{"line":45,"column":75}},"type":"binary-expr","locations":[{"start":{"line":45,"column":8},"end":{"line":45,"column":15}},{"start":{"line":45,"column":19},"end":{"line":45,"column":30}},{"start":{"line":45,"column":34},"end":{"line":45,"column":46}},{"start":{"line":45,"column":50},"end":{"line":45,"column":75}}]},"5":{"loc":{"start":{"line":57,"column":13},"end":{"line":57,"column":66}},"type":"binary-expr","locations":[{"start":{"line":57,"column":13},"end":{"line":57,"column":20}},{"start":{"line":57,"column":24},"end":{"line":57,"column":36}},{"start":{"line":57,"column":40},"end":{"line":57,"column":66}}]},"6":{"loc":{"start":{"line":67,"column":13},"end":{"line":67,"column":70}},"type":"binary-expr","locations":[{"start":{"line":67,"column":13},"end":{"line":67,"column":32}},{"start":{"line":67,"column":36},"end":{"line":67,"column":48}},{"start":{"line":67,"column":52},"end":{"line":67,"column":70}}]},"7":{"loc":{"start":{"line":86,"column":8},"end":{"line":88,"column":53}},"type":"binary-expr","locations":[{"start":{"line":86,"column":10},"end":{"line":86,"column":18}},{"start":{"line":86,"column":22},"end":{"line":86,"column":34}},{"start":{"line":86,"column":39},"end":{"line":86,"column":59}},{"start":{"line":86,"column":63},"end":{"line":86,"column":83}},{"start":{"line":87,"column":8},"end":{"line":87,"column":20}},{"start":{"line":88,"column":8},"end":{"line":88,"column":53}}]},"8":{"loc":{"start":{"line":86,"column":50},"end":{"line":86,"column":58}},"type":"binary-expr","locations":[{"start":{"line":86,"column":50},"end":{"line":86,"column":53}},{"start":{"line":86,"column":57},"end":{"line":86,"column":58}}]},"9":{"loc":{"start":{"line":86,"column":74},"end":{"line":86,"column":82}},"type":"binary-expr","locations":[{"start":{"line":86,"column":74},"end":{"line":86,"column":77}},{"start":{"line":86,"column":81},"end":{"line":86,"column":82}}]}},"s":{"0":0,"1":0,"2":0,"3":0,"4":0,"5":0,"6":1,"7":0,"8":0,"9":0,"10":0,"11":0,"12":0,"13":0,"14":0,"15":0,"16":1,"17":0,"18":0,"19":0,"20":0,"21":0,"22":0,"23":0,"24":0,"25":0,"26":0,"27":0,"28":0,"29":0,"30":0,"31":0,"32":0,"33":0,"34":0,"35":0,"36":0,"37":0,"38":1},"f":{"0":0,"1":0,"2":0,"3":0,"4":0,"5":0,"6":0,"7":0,"8":0,"9":0,"10":0,"11":0,"12":0},"b":{"0":[0],"1":[0],"2":[0],"3":[0],"4":[0,0,0,0],"5":[0,0,0],"6":[0,0,0],"7":[0,0,0,0,0,0],"8":[0,0],"9":[0,0]}}
,"/home/cafadev/Documentos/projects/cafadev/fancy-crud/src/core/form/types.ts": {"path":"/home/cafadev/Documentos/projects/cafadev/fancy-crud/src/core/form/types.ts","statementMap":{"0":{"start":{"line":3,"column":0},"end":{"line":3,"column":null}},"1":{"start":{"line":4,"column":2},"end":{"line":4,"column":null}},"2":{"start":{"line":5,"column":2},"end":{"line":5,"column":null}}},"fnMap":{"0":{"name":"(anonymous_0)","decl":{"start":{"line":3,"column":0},"end":{"line":3,"column":12}},"loc":{"start":{"line":3,"column":21},"end":{"line":6,"column":1}}}},"branchMap":{"0":{"loc":{"start":{"line":3,"column":12},"end":{"line":3,"column":null}},"type":"binary-expr","locations":[{"start":{"line":3,"column":12},"end":{"line":3,"column":21}},{"start":{"line":3,"column":12},"end":{"line":3,"column":null}}]}},"s":{"0":1,"1":1,"2":1},"f":{"0":1},"b":{"0":[1,1]}}
,"/home/cafadev/Documentos/projects/cafadev/fancy-crud/src/core/http/index.ts": {"path":"/home/cafadev/Documentos/projects/cafadev/fancy-crud/src/core/http/index.ts","statementMap":{"0":{"start":{"line":1,"column":0},"end":{"line":1,"column":23}},"1":{"start":{"line":2,"column":0},"end":{"line":2,"column":26}}},"fnMap":{},"branchMap":{},"s":{"0":1,"1":1},"f":{},"b":{}}
,"/home/cafadev/Documentos/projects/cafadev/fancy-crud/src/core/http/requests.ts": {"path":"/home/cafadev/Documentos/projects/cafadev/fancy-crud/src/core/http/requests.ts","statementMap":{"0":{"start":{"line":2,"column":0},"end":{"line":2,"column":47}},"1":{"start":{"line":7,"column":0},"end":{"line":7,"column":44}},"2":{"start":{"line":9,"column":13},"end":{"line":15,"column":null}},"3":{"start":{"line":18,"column":22},"end":{"line":18,"column":56}},"4":{"start":{"line":19,"column":2},"end":{"line":19,"column":null}},"5":{"start":{"line":19,"column":44},"end":{"line":19,"column":54}},"6":{"start":{"line":23,"column":22},"end":{"line":23,"column":54}},"7":{"start":{"line":24,"column":2},"end":{"line":24,"column":null}},"8":{"start":{"line":24,"column":44},"end":{"line":24,"column":54}},"9":{"start":{"line":36,"column":2},"end":{"line":40,"column":null}},"10":{"start":{"line":37,"column":4},"end":{"line":37,"column":61}},"11":{"start":{"line":39,"column":4},"end":{"line":39,"column":56}},"12":{"start":{"line":42,"column":2},"end":{"line":42,"column":38}},"13":{"start":{"line":27,"column":0},"end":{"line":27,"column":16}},"14":{"start":{"line":46,"column":41},"end":{"line":46,"column":43}},"15":{"start":{"line":47,"column":24},"end":{"line":47,"column":72}},"16":{"start":{"line":49,"column":2},"end":{"line":74,"column":5}},"17":{"start":{"line":50,"column":4},"end":{"line":50,"column":null}},"18":{"start":{"line":50,"column":20},"end":{"line":50,"column":null}},"19":{"start":{"line":52,"column":21},"end":{"line":52,"column":30}},"20":{"start":{"line":53,"column":24},"end":{"line":53,"column":48}},"21":{"start":{"line":55,"column":28},"end":{"line":57,"column":16}},"22":{"start":{"line":59,"column":4},"end":{"line":59,"column":null}},"23":{"start":{"line":61,"column":21},"end":{"line":61,"column":29}},"24":{"start":{"line":63,"column":4},"end":{"line":65,"column":null}},"25":{"start":{"line":64,"column":6},"end":{"line":64,"column":null}},"26":{"start":{"line":66,"column":25},"end":{"line":66,"column":89}},"27":{"start":{"line":68,"column":4},"end":{"line":70,"column":null}},"28":{"start":{"line":69,"column":6},"end":{"line":69,"column":null}},"29":{"start":{"line":72,"column":4},"end":{"line":72,"column":null}},"30":{"start":{"line":73,"column":4},"end":{"line":73,"column":null}},"31":{"start":{"line":76,"column":2},"end":{"line":83,"column":null}},"32":{"start":{"line":77,"column":4},"end":{"line":82,"column":34}},"33":{"start":{"line":78,"column":6},"end":{"line":80,"column":null}},"34":{"start":{"line":79,"column":8},"end":{"line":79,"column":40}},"35":{"start":{"line":82,"column":18},"end":{"line":82,"column":32}},"36":{"start":{"line":45,"column":0},"end":{"line":45,"column":16}},"37":{"start":{"line":89,"column":2},"end":{"line":93,"column":null}},"38":{"start":{"line":90,"column":4},"end":{"line":90,"column":48}},"39":{"start":{"line":92,"column":4},"end":{"line":92,"column":null}},"40":{"start":{"line":95,"column":2},"end":{"line":95,"column":52}},"41":{"start":{"line":86,"column":0},"end":{"line":86,"column":7}},"42":{"start":{"line":99,"column":15},"end":{"line":99,"column":45}},"43":{"start":{"line":102,"column":2},"end":{"line":106,"column":null}},"44":{"start":{"line":103,"column":4},"end":{"line":103,"column":null}},"45":{"start":{"line":105,"column":4},"end":{"line":105,"column":null}},"46":{"start":{"line":108,"column":2},"end":{"line":108,"column":null}},"47":{"start":{"line":98,"column":0},"end":{"line":98,"column":7}},"48":{"start":{"line":112,"column":15},"end":{"line":112,"column":45}},"49":{"start":{"line":115,"column":2},"end":{"line":119,"column":null}},"50":{"start":{"line":116,"column":4},"end":{"line":116,"column":null}},"51":{"start":{"line":118,"column":4},"end":{"line":118,"column":null}},"52":{"start":{"line":121,"column":2},"end":{"line":121,"column":null}},"53":{"start":{"line":111,"column":0},"end":{"line":111,"column":7}},"54":{"start":{"line":125,"column":50},"end":{"line":125,"column":58}},"55":{"start":{"line":127,"column":28},"end":{"line":138,"column":3}},"56":{"start":{"line":130,"column":4},"end":{"line":135,"column":null}},"57":{"start":{"line":131,"column":19},"end":{"line":131,"column":49}},"58":{"start":{"line":132,"column":6},"end":{"line":132,"column":null}},"59":{"start":{"line":134,"column":6},"end":{"line":134,"column":null}},"60":{"start":{"line":137,"column":4},"end":{"line":137,"column":null}},"61":{"start":{"line":140,"column":28},"end":{"line":155,"column":3}},"62":{"start":{"line":141,"column":4},"end":{"line":143,"column":null}},"63":{"start":{"line":142,"column":6},"end":{"line":142,"column":null}},"64":{"start":{"line":147,"column":4},"end":{"line":152,"column":null}},"65":{"start":{"line":148,"column":19},"end":{"line":148,"column":49}},"66":{"start":{"line":149,"column":6},"end":{"line":149,"column":null}},"67":{"start":{"line":151,"column":6},"end":{"line":151,"column":null}},"68":{"start":{"line":154,"column":4},"end":{"line":154,"column":null}},"69":{"start":{"line":157,"column":2},"end":{"line":159,"column":null}},"70":{"start":{"line":158,"column":4},"end":{"line":158,"column":null}},"71":{"start":{"line":161,"column":2},"end":{"line":161,"column":null}},"72":{"start":{"line":124,"column":0},"end":{"line":124,"column":7}},"73":{"start":{"line":165,"column":15},"end":{"line":165,"column":33}},"74":{"start":{"line":166,"column":17},"end":{"line":166,"column":34}},"75":{"start":{"line":167,"column":33},"end":{"line":167,"column":50}},"76":{"start":{"line":168,"column":18},"end":{"line":168,"column":48}},"77":{"start":{"line":171,"column":18},"end":{"line":175,"column":null}},"78":{"start":{"line":177,"column":74},"end":{"line":180,"column":null}},"79":{"start":{"line":182,"column":26},"end":{"line":182,"column":62}},"80":{"start":{"line":184,"column":17},"end":{"line":184,"column":47}},"81":{"start":{"line":185,"column":2},"end":{"line":185,"column":null}},"82":{"start":{"line":164,"column":0},"end":{"line":164,"column":7}},"83":{"start":{"line":189,"column":48},"end":{"line":189,"column":52}},"84":{"start":{"line":191,"column":18},"end":{"line":191,"column":28}},"85":{"start":{"line":192,"column":17},"end":{"line":192,"column":35}},"86":{"start":{"line":194,"column":21},"end":{"line":198,"column":4}},"87":{"start":{"line":200,"column":23},"end":{"line":205,"column":4}},"88":{"start":{"line":202,"column":6},"end":{"line":202,"column":null}},"89":{"start":{"line":203,"column":6},"end":{"line":203,"column":null}},"90":{"start":{"line":207,"column":15},"end":{"line":210,"column":4}},"91":{"start":{"line":212,"column":22},"end":{"line":224,"column":3}},"92":{"start":{"line":213,"column":4},"end":{"line":217,"column":null}},"93":{"start":{"line":214,"column":6},"end":{"line":214,"column":null}},"94":{"start":{"line":215,"column":6},"end":{"line":215,"column":null}},"95":{"start":{"line":216,"column":6},"end":{"line":216,"column":12}},"96":{"start":{"line":219,"column":20},"end":{"line":219,"column":49}},"97":{"start":{"line":220,"column":18},"end":{"line":220,"column":45}},"98":{"start":{"line":222,"column":4},"end":{"line":222,"column":null}},"99":{"start":{"line":223,"column":4},"end":{"line":223,"column":null}},"100":{"start":{"line":226,"column":21},"end":{"line":245,"column":3}},"101":{"start":{"line":227,"column":19},"end":{"line":232,"column":null}},"102":{"start":{"line":234,"column":19},"end":{"line":234,"column":44}},"103":{"start":{"line":236,"column":4},"end":{"line":238,"column":null}},"104":{"start":{"line":237,"column":6},"end":{"line":237,"column":null}},"105":{"start":{"line":240,"column":4},"end":{"line":240,"column":null}},"106":{"start":{"line":242,"column":4},"end":{"line":244,"column":null}},"107":{"start":{"line":243,"column":24},"end":{"line":243,"column":41}},"108":{"start":{"line":244,"column":19},"end":{"line":244,"column":40}},"109":{"start":{"line":247,"column":2},"end":{"line":254,"column":null}},"110":{"start":{"line":188,"column":0},"end":{"line":188,"column":16}}},"fnMap":{"0":{"name":"getPaginationResultsKey","decl":{"start":{"line":17,"column":9},"end":{"line":17,"column":32}},"loc":{"start":{"line":17,"column":42},"end":{"line":20,"column":1}}},"1":{"name":"(anonymous_1)","decl":{"start":{"line":19,"column":28},"end":{"line":19,"column":29}},"loc":{"start":{"line":19,"column":44},"end":{"line":19,"column":54}}},"2":{"name":"getPaginationCountKey","decl":{"start":{"line":22,"column":9},"end":{"line":22,"column":30}},"loc":{"start":{"line":22,"column":40},"end":{"line":25,"column":1}}},"3":{"name":"(anonymous_3)","decl":{"start":{"line":24,"column":28},"end":{"line":24,"column":29}},"loc":{"start":{"line":24,"column":44},"end":{"line":24,"column":54}}},"4":{"name":"buildURL","decl":{"start":{"line":27,"column":16},"end":{"line":27,"column":24}},"loc":{"start":{"line":33,"column":1},"end":{"line":43,"column":1}}},"5":{"name":"getForeignKeys","decl":{"start":{"line":45,"column":16},"end":{"line":45,"column":30}},"loc":{"start":{"line":45,"column":55},"end":{"line":84,"column":1}}},"6":{"name":"(anonymous_6)","decl":{"start":{"line":49,"column":24},"end":{"line":49,"column":25}},"loc":{"start":{"line":49,"column":46},"end":{"line":74,"column":3}}},"7":{"name":"(anonymous_7)","decl":{"start":{"line":76,"column":41},"end":{"line":76,"column":42}},"loc":{"start":{"line":76,"column":62},"end":{"line":83,"column":3}}},"8":{"name":"(anonymous_8)","decl":{"start":{"line":77,"column":29},"end":{"line":77,"column":30}},"loc":{"start":{"line":77,"column":42},"end":{"line":81,"column":5}}},"9":{"name":"(anonymous_9)","decl":{"start":{"line":78,"column":24},"end":{"line":78,"column":32}},"loc":{"start":{"line":78,"column":35},"end":{"line":80,"column":7}}},"10":{"name":"(anonymous_10)","decl":{"start":{"line":82,"column":11},"end":{"line":82,"column":12}},"loc":{"start":{"line":82,"column":18},"end":{"line":82,"column":32}}},"11":{"name":"createRecord","decl":{"start":{"line":86,"column":22},"end":{"line":86,"column":34}},"loc":{"start":{"line":86,"column":63},"end":{"line":96,"column":1}}},"12":{"name":"updateRecord","decl":{"start":{"line":98,"column":22},"end":{"line":98,"column":34}},"loc":{"start":{"line":98,"column":76},"end":{"line":109,"column":1}}},"13":{"name":"retrieveRecord","decl":{"start":{"line":111,"column":22},"end":{"line":111,"column":36}},"loc":{"start":{"line":111,"column":74},"end":{"line":122,"column":1}}},"14":{"name":"deleteRecord","decl":{"start":{"line":124,"column":22},"end":{"line":124,"column":34}},"loc":{"start":{"line":124,"column":58},"end":{"line":162,"column":1}}},"15":{"name":"(anonymous_15)","decl":{"start":{"line":127,"column":28},"end":{"line":127,"column":33}},"loc":{"start":{"line":127,"column":39},"end":{"line":138,"column":3}}},"16":{"name":"(anonymous_16)","decl":{"start":{"line":140,"column":28},"end":{"line":140,"column":33}},"loc":{"start":{"line":140,"column":39},"end":{"line":155,"column":3}}},"17":{"name":"triggerCreateOrUpdate","decl":{"start":{"line":164,"column":22},"end":{"line":164,"column":43}},"loc":{"start":{"line":164,"column":54},"end":{"line":186,"column":1}}},"18":{"name":"getRecords","decl":{"start":{"line":188,"column":16},"end":{"line":188,"column":26}},"loc":{"start":{"line":188,"column":96},"end":{"line":255,"column":1}}},"19":{"name":"(anonymous_19)","decl":{"start":{"line":201,"column":4},"end":{"line":201,"column":7}},"loc":{"start":{"line":201,"column":26},"end":{"line":204,"column":5}}},"20":{"name":"(anonymous_20)","decl":{"start":{"line":212,"column":22},"end":{"line":212,"column":23}},"loc":{"start":{"line":212,"column":36},"end":{"line":224,"column":3}}},"21":{"name":"(anonymous_21)","decl":{"start":{"line":226,"column":21},"end":{"line":226,"column":22}},"loc":{"start":{"line":226,"column":32},"end":{"line":245,"column":3}}},"22":{"name":"(anonymous_22)","decl":{"start":{"line":243,"column":10},"end":{"line":243,"column":11}},"loc":{"start":{"line":243,"column":24},"end":{"line":243,"column":41}}},"23":{"name":"(anonymous_23)","decl":{"start":{"line":244,"column":13},"end":{"line":244,"column":16}},"loc":{"start":{"line":244,"column":19},"end":{"line":244,"column":40}}}},"branchMap":{"0":{"loc":{"start":{"line":36,"column":2},"end":{"line":40,"column":null}},"type":"if","locations":[{"start":{"line":36,"column":2},"end":{"line":40,"column":null}},{"start":{"line":38,"column":9},"end":{"line":40,"column":null}}]},"1":{"loc":{"start":{"line":37,"column":27},"end":{"line":37,"column":44}},"type":"binary-expr","locations":[{"start":{"line":37,"column":27},"end":{"line":37,"column":38}},{"start":{"line":37,"column":42},"end":{"line":37,"column":44}}]},"2":{"loc":{"start":{"line":39,"column":26},"end":{"line":39,"column":43}},"type":"binary-expr","locations":[{"start":{"line":39,"column":26},"end":{"line":39,"column":37}},{"start":{"line":39,"column":41},"end":{"line":39,"column":43}}]},"3":{"loc":{"start":{"line":50,"column":4},"end":{"line":50,"column":null}},"type":"if","locations":[{"start":{"line":50,"column":4},"end":{"line":50,"column":null}}]},"4":{"loc":{"start":{"line":53,"column":24},"end":{"line":53,"column":48}},"type":"binary-expr","locations":[{"start":{"line":53,"column":24},"end":{"line":53,"column":42}},{"start":{"line":53,"column":46},"end":{"line":53,"column":48}}]},"5":{"loc":{"start":{"line":63,"column":4},"end":{"line":65,"column":null}},"type":"if","locations":[{"start":{"line":63,"column":4},"end":{"line":65,"column":null}}]},"6":{"loc":{"start":{"line":68,"column":4},"end":{"line":70,"column":null}},"type":"if","locations":[{"start":{"line":68,"column":4},"end":{"line":70,"column":null}}]},"7":{"loc":{"start":{"line":141,"column":4},"end":{"line":143,"column":null}},"type":"if","locations":[{"start":{"line":141,"column":4},"end":{"line":143,"column":null}}]},"8":{"loc":{"start":{"line":157,"column":2},"end":{"line":159,"column":null}},"type":"if","locations":[{"start":{"line":157,"column":2},"end":{"line":159,"column":null}}]},"9":{"loc":{"start":{"line":166,"column":17},"end":{"line":166,"column":34}},"type":"binary-expr","locations":[{"start":{"line":166,"column":17},"end":{"line":166,"column":28}},{"start":{"line":166,"column":32},"end":{"line":166,"column":34}}]},"10":{"loc":{"start":{"line":168,"column":18},"end":{"line":168,"column":48}},"type":"cond-expr","locations":[{"start":{"line":168,"column":29},"end":{"line":168,"column":37}},{"start":{"line":168,"column":40},"end":{"line":168,"column":48}}]},"11":{"loc":{"start":{"line":182,"column":32},"end":{"line":182,"column":61}},"type":"binary-expr","locations":[{"start":{"line":182,"column":32},"end":{"line":182,"column":36}},{"start":{"line":182,"column":40},"end":{"line":182,"column":61}}]},"12":{"loc":{"start":{"line":192,"column":21},"end":{"line":192,"column":34}},"type":"binary-expr","locations":[{"start":{"line":192,"column":21},"end":{"line":192,"column":28}},{"start":{"line":192,"column":32},"end":{"line":192,"column":34}}]},"13":{"loc":{"start":{"line":200,"column":33},"end":{"line":200,"column":58}},"type":"binary-expr","locations":[{"start":{"line":200,"column":33},"end":{"line":200,"column":52}},{"start":{"line":200,"column":56},"end":{"line":200,"column":58}}]},"14":{"loc":{"start":{"line":213,"column":4},"end":{"line":217,"column":null}},"type":"if","locations":[{"start":{"line":213,"column":4},"end":{"line":217,"column":null}}]},"15":{"loc":{"start":{"line":226,"column":22},"end":{"line":226,"column":28}},"type":"default-arg","locations":[{"start":{"line":226,"column":27},"end":{"line":226,"column":28}}]},"16":{"loc":{"start":{"line":236,"column":4},"end":{"line":238,"column":null}},"type":"if","locations":[{"start":{"line":236,"column":4},"end":{"line":238,"column":null}}]}},"s":{"0":1,"1":1,"2":1,"3":0,"4":0,"5":0,"6":0,"7":0,"8":0,"9":14,"10":13,"11":1,"12":14,"13":1,"14":1,"15":1,"16":1,"17":6,"18":0,"19":6,"20":6,"21":6,"22":6,"23":6,"24":6,"25":4,"26":6,"27":6,"28":4,"29":6,"30":6,"31":1,"32":4,"33":4,"34":6,"35":0,"36":1,"37":2,"38":2,"39":1,"40":1,"41":1,"42":2,"43":2,"44":2,"45":1,"46":1,"47":1,"48":2,"49":2,"50":2,"51":1,"52":1,"53":1,"54":5,"55":5,"56":2,"57":2,"58":2,"59":1,"60":1,"61":5,"62":3,"63":1,"64":2,"65":2,"66":2,"67":1,"68":1,"69":5,"70":2,"71":3,"72":1,"73":0,"74":0,"75":0,"76":0,"77":0,"78":0,"79":0,"80":0,"81":0,"82":1,"83":0,"84":0,"85":0,"86":0,"87":0,"88":0,"89":0,"90":0,"91":0,"92":0,"93":0,"94":0,"95":0,"96":0,"97":0,"98":0,"99":0,"100":0,"101":0,"102":0,"103":0,"104":0,"105":0,"106":0,"107":0,"108":0,"109":0,"110":1},"f":{"0":0,"1":0,"2":0,"3":0,"4":14,"5":1,"6":6,"7":4,"8":4,"9":6,"10":0,"11":2,"12":2,"13":2,"14":5,"15":2,"16":3,"17":0,"18":0,"19":0,"20":0,"21":0,"22":0,"23":0},"b":{"0":[13,1],"1":[13,1],"2":[1,1],"3":[0],"4":[6,2],"5":[4],"6":[4],"7":[1],"8":[2],"9":[0,0],"10":[0,0],"11":[0,0],"12":[0,0],"13":[0,0],"14":[0],"15":[0],"16":[0]}}
,"/home/cafadev/Documentos/projects/cafadev/fancy-crud/src/core/locale/index.ts": {"path":"/home/cafadev/Documentos/projects/cafadev/fancy-crud/src/core/locale/index.ts","statementMap":{"0":{"start":{"line":1,"column":0},"end":{"line":1,"column":30}},"1":{"start":{"line":3,"column":0},"end":{"line":3,"column":26}},"2":{"start":{"line":4,"column":0},"end":{"line":4,"column":26}},"3":{"start":{"line":6,"column":42},"end":{"line":9,"column":null}},"4":{"start":{"line":23,"column":2},"end":{"line":23,"column":9}},"5":{"start":{"line":13,"column":48},"end":{"line":16,"column":null}},"6":{"start":{"line":15,"column":20},"end":{"line":15,"column":21}},"7":{"start":{"line":22,"column":12},"end":{"line":22,"column":19}},"8":{"start":{"line":18,"column":10},"end":{"line":18,"column":43}},"9":{"start":{"line":19,"column":0},"end":{"line":19,"column":null}}},"fnMap":{"0":{"name":"(anonymous_1)","decl":{"start":{"line":15,"column":5},"end":{"line":15,"column":6}},"loc":{"start":{"line":15,"column":20},"end":{"line":15,"column":21}}}},"branchMap":{},"s":{"0":1,"1":1,"2":1,"3":1,"4":1,"5":1,"6":0,"7":1,"8":1,"9":1},"f":{"0":0},"b":{}}
,"/home/cafadev/Documentos/projects/cafadev/fancy-crud/src/core/notifications/generate.tsx": {"path":"/home/cafadev/Documentos/projects/cafadev/fancy-crud/src/core/notifications/generate.tsx","statementMap":{"0":{"start":{"line":1,"column":0},"end":{"line":1,"column":27}},"1":{"start":{"line":5,"column":66},"end":{"line":5,"column":71}},"2":{"start":{"line":6,"column":23},"end":{"line":6,"column":117}},"3":{"start":{"line":7,"column":2},"end":{"line":7,"column":null}},"4":{"start":{"line":10,"column":4},"end":{"line":18,"column":null}},"5":{"start":{"line":22,"column":2},"end":{"line":22,"column":null}},"6":{"start":{"line":24,"column":2},"end":{"line":27,"column":null}},"7":{"start":{"line":25,"column":4},"end":{"line":25,"column":null}},"8":{"start":{"line":26,"column":4},"end":{"line":26,"column":null}},"9":{"start":{"line":26,"column":21},"end":{"line":26,"column":60}},"10":{"start":{"line":30,"column":35},"end":{"line":37,"column":2}},"11":{"start":{"line":30,"column":75},"end":{"line":37,"column":2}},"12":{"start":{"line":30,"column":13},"end":{"line":30,"column":35}},"13":{"start":{"line":39,"column":35},"end":{"line":46,"column":2}},"14":{"start":{"line":39,"column":75},"end":{"line":46,"column":2}},"15":{"start":{"line":39,"column":13},"end":{"line":39,"column":35}},"16":{"start":{"line":48,"column":33},"end":{"line":55,"column":2}},"17":{"start":{"line":48,"column":73},"end":{"line":55,"column":2}},"18":{"start":{"line":48,"column":13},"end":{"line":48,"column":33}}},"fnMap":{"0":{"name":"createNotification","decl":{"start":{"line":4,"column":9},"end":{"line":4,"column":27}},"loc":{"start":{"line":4,"column":52},"end":{"line":28,"column":1}}},"1":{"name":"(anonymous_1)","decl":{"start":{"line":24,"column":13},"end":{"line":24,"column":16}},"loc":{"start":{"line":24,"column":18},"end":{"line":27,"column":3}}},"2":{"name":"(anonymous_2)","decl":{"start":{"line":26,"column":15},"end":{"line":26,"column":18}},"loc":{"start":{"line":26,"column":21},"end":{"line":26,"column":60}}},"3":{"name":"(anonymous_3)","decl":{"start":{"line":30,"column":35},"end":{"line":30,"column":36}},"loc":{"start":{"line":30,"column":75},"end":{"line":37,"column":2}}},"4":{"name":"(anonymous_4)","decl":{"start":{"line":39,"column":35},"end":{"line":39,"column":36}},"loc":{"start":{"line":39,"column":75},"end":{"line":46,"column":2}}},"5":{"name":"(anonymous_5)","decl":{"start":{"line":48,"column":33},"end":{"line":48,"column":34}},"loc":{"start":{"line":48,"column":73},"end":{"line":55,"column":2}}}},"branchMap":{},"s":{"0":1,"1":0,"2":0,"3":0,"4":0,"5":0,"6":0,"7":0,"8":0,"9":0,"10":1,"11":0,"12":1,"13":1,"14":0,"15":1,"16":1,"17":0,"18":1},"f":{"0":0,"1":0,"2":0,"3":0,"4":0,"5":0},"b":{}}
,"/home/cafadev/Documentos/projects/cafadev/fancy-crud/src/core/notifications/index.ts": {"path":"/home/cafadev/Documentos/projects/cafadev/fancy-crud/src/core/notifications/index.ts","statementMap":{"0":{"start":{"line":1,"column":0},"end":{"line":1,"column":23}},"1":{"start":{"line":2,"column":0},"end":{"line":2,"column":26}}},"fnMap":{},"branchMap":{},"s":{"0":1,"1":1},"f":{},"b":{}}
}
