TN:
SF:src/core/index.ts
FNF:0
FNH:0
DA:1,1
DA:2,1
DA:3,1
DA:5,1
LF:4
LH:4
BRF:0
BRH:0
end_of_record
TN:
SF:src/core/components/FButton.tsx
FN:9,FButton
FNF:1
FNH:0
FNDA:0,FButton
DA:1,1
DA:2,1
DA:9,1
DA:18,0
DA:20,0
DA:21,0
DA:22,0
DA:24,0
DA:25,0
DA:27,0
DA:28,0
DA:31,0
DA:42,0
LF:13
LH:3
BRDA:20,0,0,0
BRDA:20,0,1,0
BRDA:21,1,0,0
BRDA:21,1,1,0
BRDA:22,2,0,0
BRDA:22,2,1,0
BRDA:27,3,0,0
BRDA:27,3,1,0
BRDA:28,4,0,0
BRDA:28,4,1,0
BRF:10
BRH:0
end_of_record
TN:
SF:src/core/components/FColor.tsx
FN:5,FColor
FNF:1
FNH:0
FNDA:0,FColor
DA:1,1
DA:3,1
DA:5,1
DA:6,0
DA:7,0
DA:10,0
DA:22,0
LF:7
LH:3
BRDA:7,0,0,0
BRDA:7,0,1,0
BRDA:18,1,0,0
BRDA:18,1,1,0
BRF:4
BRH:0
end_of_record
TN:
SF:src/core/components/FFooter.tsx
FN:9,FormFooter
FN:14,(anonymous_2)
FN:32,(anonymous_3)
FN:41,(anonymous_4)
FN:49,(anonymous_5)
FNF:5
FNH:0
FNDA:0,FormFooter
FNDA:0,(anonymous_2)
FNDA:0,(anonymous_3)
FNDA:0,(anonymous_4)
FNDA:0,(anonymous_5)
DA:1,1
DA:2,1
DA:4,1
DA:7,1
DA:9,1
DA:10,0
DA:11,0
DA:12,0
DA:14,0
DA:15,0
DA:20,0
DA:21,0
DA:24,0
DA:25,0
DA:28,0
DA:29,0
DA:32,0
DA:33,0
DA:41,0
DA:42,0
DA:49,0
DA:50,0
DA:56,0
DA:57,0
DA:59,0
LF:25
LH:5
BRDA:28,0,0,0
BRDA:56,1,0,0
BRDA:56,1,1,0
BRDA:57,2,0,0
BRDA:57,2,1,0
BRF:5
BRH:0
end_of_record
TN:
SF:src/core/components/FForm.tsx
FN:8,RenderForm
FN:18,(anonymous_2)
FN:31,(anonymous_3)
FN:32,(anonymous_4)
FN:42,(anonymous_5)
FN:61,(anonymous_6)
FNF:6
FNH:0
FNDA:0,RenderForm
FNDA:0,(anonymous_2)
FNDA:0,(anonymous_3)
FNDA:0,(anonymous_4)
FNDA:0,(anonymous_5)
FNDA:0,(anonymous_6)
DA:1,1
DA:2,1
DA:3,1
DA:6,1
DA:8,1
DA:9,0
DA:10,0
DA:12,0
DA:14,0
DA:15,0
DA:16,0
DA:18,0
DA:19,0
DA:22,0
DA:25,0
DA:31,0
DA:32,0
DA:33,0
DA:35,0
DA:36,0
DA:37,0
DA:39,0
DA:42,0
DA:43,0
DA:45,0
DA:53,0
DA:54,0
DA:55,0
DA:56,0
DA:58,0
DA:61,0
DA:62,0
DA:64,0
DA:65,0
DA:66,0
DA:68,0
DA:71,0
DA:74,0
LF:38
LH:5
BRDA:22,0,0,0
BRDA:35,1,0,0
BRDA:53,2,0,0
BRDA:56,3,0,0
BRDA:64,4,0,0
BRF:5
BRH:0
end_of_record
TN:
SF:src/core/components/FHeader.tsx
FN:11,FormHeader
FN:21,(anonymous_1)
FNF:2
FNH:0
FNDA:0,FormHeader
FNDA:0,(anonymous_1)
DA:1,1
DA:11,1
DA:12,0
DA:14,0
DA:15,0
DA:18,0
DA:21,0
DA:22,0
DA:26,0
DA:27,0
DA:29,0
LF:11
LH:2
BRDA:14,0,0,0
BRDA:14,0,1,0
BRDA:26,1,0,0
BRDA:26,1,1,0
BRDA:27,2,0,0
BRDA:27,2,1,0
BRF:6
BRH:0
end_of_record
TN:
SF:src/core/components/FInput.tsx
FN:5,FInput
FNF:1
FNH:0
FNDA:0,FInput
DA:1,1
DA:3,1
DA:5,1
DA:6,0
DA:9,0
DA:16,0
LF:6
LH:3
BRDA:12,0,0,0
BRDA:12,0,1,0
BRF:2
BRH:0
end_of_record
TN:
SF:src/core/components/FInputFile.tsx
FN:4,FInputFile
FN:7,(anonymous_1)
FN:21,(anonymous_2)
FN:25,(anonymous_3)
FNF:4
FNH:0
FNDA:0,FInputFile
FNDA:0,(anonymous_1)
FNDA:0,(anonymous_2)
FNDA:0,(anonymous_3)
DA:1,1
DA:2,1
DA:4,1
DA:5,0
DA:7,0
DA:8,0
DA:9,0
DA:10,0
DA:12,0
DA:14,0
DA:15,0
DA:18,0
DA:21,0
DA:22,0
DA:24,0
DA:25,0
DA:28,0
DA:31,0
DA:38,0
DA:42,0
DA:48,0
DA:66,0
LF:22
LH:3
BRDA:12,0,0,0
BRDA:24,1,0,0
BRDA:62,2,0,0
BRDA:62,2,1,0
BRF:4
BRH:0
end_of_record
TN:
SF:src/core/components/FInputPassword.tsx
FN:14,FInputPassword
FN:19,(anonymous_1)
FNF:2
FNH:0
FNDA:0,FInputPassword
FNDA:0,(anonymous_1)
DA:1,1
DA:3,1
DA:14,1
DA:15,0
DA:16,0
DA:17,0
DA:19,0
DA:20,0
DA:21,0
DA:24,0
DA:27,0
DA:39,0
LF:12
LH:3
BRDA:16,0,0,0
BRDA:16,0,1,0
BRDA:17,1,0,0
BRDA:17,1,1,0
BRDA:35,2,0,0
BRDA:35,2,1,0
BRF:6
BRH:0
end_of_record
TN:
SF:src/core/components/FMain.tsx
FN:27,FormMain
FN:29,(anonymous_1)
FN:45,(anonymous_2)
FN:53,(anonymous_3)
FN:54,(anonymous_4)
FN:56,(anonymous_5)
FN:60,(anonymous_6)
FN:107,(anonymous_7)
FNF:8
FNH:0
FNDA:0,FormMain
FNDA:0,(anonymous_1)
FNDA:0,(anonymous_2)
FNDA:0,(anonymous_3)
FNDA:0,(anonymous_4)
FNDA:0,(anonymous_5)
FNDA:0,(anonymous_6)
FNDA:0,(anonymous_7)
DA:1,1
DA:4,1
DA:5,1
DA:6,1
DA:17,1
DA:27,1
DA:28,0
DA:29,0
DA:30,0
DA:32,0
DA:33,0
DA:35,0
DA:38,0
DA:45,0
DA:46,0
DA:47,0
DA:48,0
DA:50,0
DA:51,0
DA:53,0
DA:54,0
DA:56,0
DA:57,0
DA:59,0
DA:60,0
DA:61,0
DA:65,0
DA:67,0
DA:68,0
DA:72,0
DA:78,0
DA:79,0
DA:82,0
DA:86,0
DA:94,0
DA:100,0
DA:101,0
DA:103,0
DA:104,0
DA:106,0
DA:107,0
DA:108,0
DA:109,0
DA:110,0
DA:115,0
DA:118,0
DA:121,0
DA:123,0
LF:48
LH:6
BRDA:30,0,0,0
BRDA:32,1,0,0
BRDA:32,2,0,0
BRDA:32,2,1,0
BRDA:33,3,0,0
BRDA:33,4,0,0
BRDA:33,4,1,0
BRDA:48,5,0,0
BRDA:48,5,1,0
BRDA:50,6,0,0
BRDA:50,6,1,0
BRDA:51,7,0,0
BRDA:51,7,1,0
BRDA:53,8,0,0
BRDA:53,8,1,0
BRDA:54,9,0,0
BRDA:54,9,1,0
BRDA:59,10,0,0
BRDA:67,11,0,0
BRDA:78,12,0,0
BRDA:78,12,1,0
BRDA:103,13,0,0
BRDA:106,14,0,0
BRDA:108,15,0,0
BRDA:121,16,0,0
BRDA:121,16,1,0
BRF:26
BRH:0
end_of_record
TN:
SF:src/core/components/FSelect.tsx
FN:4,FSelect
FN:39,(anonymous_1)
FNF:2
FNH:0
FNDA:0,FSelect
FNDA:0,(anonymous_1)
DA:1,1
DA:2,1
DA:4,1
DA:18,0
DA:20,0
DA:21,0
DA:24,0
DA:26,0
DA:35,0
DA:36,0
DA:38,0
DA:39,0
DA:40,0
DA:41,0
DA:42,0
DA:44,0
DA:46,0
DA:51,0
DA:55,0
LF:19
LH:3
BRDA:31,0,0,0
BRDA:31,0,1,0
BRDA:35,1,0,0
BRDA:38,2,0,0
BRDA:42,3,0,0
BRDA:42,3,1,0
BRDA:44,4,0,0
BRDA:44,4,1,0
BRF:8
BRH:0
end_of_record
TN:
SF:src/core/components/FTextarea.tsx
FN:5,FTextarea
FNF:1
FNH:0
FNDA:0,FTextarea
DA:1,1
DA:3,1
DA:5,1
DA:6,0
DA:18,0
DA:25,0
LF:6
LH:3
BRDA:21,0,0,0
BRDA:21,0,1,0
BRF:2
BRH:0
end_of_record
TN:
SF:src/core/components/base.tsx
FN:4,ControlsContainer
FN:12,ControlWrap
FN:29,ControlLabel
FN:48,ControlHintMessage
FN:59,(anonymous_4)
FN:66,(anonymous_5)
FN:80,GeneralMessageError
FNF:7
FNH:0
FNDA:0,ControlsContainer
FNDA:0,ControlWrap
FNDA:0,ControlLabel
FNDA:0,ControlHintMessage
FNDA:0,(anonymous_4)
FNDA:0,(anonymous_5)
FNDA:0,GeneralMessageError
DA:1,1
DA:4,1
DA:5,0
DA:12,1
DA:13,0
DA:15,0
DA:16,0
DA:17,0
DA:18,0
DA:21,0
DA:26,0
DA:29,1
DA:30,0
DA:31,0
DA:33,0
DA:35,0
DA:36,0
DA:40,0
DA:45,0
DA:48,1
DA:49,0
DA:50,0
DA:51,0
DA:53,0
DA:54,0
DA:57,0
DA:59,0
DA:60,0
DA:66,0
DA:69,0
DA:77,0
DA:80,1
DA:81,0
DA:82,0
DA:84,0
DA:87,0
DA:99,0
LF:37
LH:6
BRDA:16,0,0,0
BRDA:16,0,1,0
BRDA:17,1,0,0
BRDA:17,1,1,0
BRDA:31,2,0,0
BRDA:31,2,1,0
BRDA:35,3,0,0
BRDA:45,4,0,0
BRDA:45,4,1,0
BRDA:53,5,0,0
BRDA:66,6,0,0
BRDA:66,6,1,0
BRDA:66,7,0,0
BRDA:66,7,1,0
BRDA:66,7,2,0
BRDA:69,8,0,0
BRDA:69,8,1,0
BRDA:82,9,0,0
BRDA:82,9,1,0
BRDA:84,10,0,0
BRDA:84,10,1,0
BRF:21
BRH:0
end_of_record
TN:
SF:src/core/components/index.ts
FNF:0
FNH:0
DA:1,1
DA:2,1
DA:3,1
DA:4,1
DA:5,1
DA:6,1
DA:7,1
DA:8,1
DA:9,1
DA:10,1
DA:11,1
DA:12,1
DA:13,1
LF:13
LH:13
BRF:0
BRH:0
end_of_record
TN:
SF:src/core/form/builder.ts
FN:14,fillFieldsWithRecordValues
FN:20,(anonymous_1)
FN:25,(anonymous_2)
FN:33,(anonymous_3)
FN:42,getFormData
FN:48,(anonymous_5)
FN:51,(anonymous_6)
FN:83,(anonymous_7)
FN:93,(anonymous_8)
FN:104,(anonymous_9)
FN:109,(anonymous_10)
FN:116,(anonymous_11)
FN:131,setModelValue
FN:136,validateForm
FN:139,(anonymous_14)
FN:157,createForm
FN:172,(anonymous_16)
FNF:17
FNH:0
FNDA:0,fillFieldsWithRecordValues
FNDA:0,(anonymous_1)
FNDA:0,(anonymous_2)
FNDA:0,(anonymous_3)
FNDA:0,getFormData
FNDA:0,(anonymous_5)
FNDA:0,(anonymous_6)
FNDA:0,(anonymous_7)
FNDA:0,(anonymous_8)
FNDA:0,(anonymous_9)
FNDA:0,(anonymous_10)
FNDA:0,(anonymous_11)
FNDA:0,setModelValue
FNDA:0,validateForm
FNDA:0,(anonymous_14)
FNDA:0,createForm
FNDA:0,(anonymous_16)
DA:1,1
DA:9,1
DA:10,1
DA:12,1
DA:14,1
DA:18,0
DA:20,0
DA:21,0
DA:22,0
DA:25,0
DA:30,0
DA:33,0
DA:37,0
DA:42,1
DA:45,0
DA:46,0
DA:48,0
DA:49,0
DA:51,0
DA:52,0
DA:53,0
DA:55,0
DA:56,0
DA:62,0
DA:66,0
DA:67,0
DA:68,0
DA:71,0
DA:72,0
DA:75,0
DA:76,0
DA:77,0
DA:80,0
DA:83,0
DA:84,0
DA:86,0
DA:87,0
DA:90,0
DA:91,0
DA:92,0
DA:93,0
DA:97,0
DA:99,0
DA:101,0
DA:104,0
DA:105,0
DA:106,0
DA:109,0
DA:110,0
DA:111,0
DA:112,0
DA:115,0
DA:116,0
DA:119,0
DA:120,0
DA:122,0
DA:125,0
DA:128,0
DA:131,1
DA:132,0
DA:133,0
DA:136,1
DA:137,0
DA:139,0
DA:140,0
DA:141,0
DA:142,0
DA:145,0
DA:147,0
DA:148,0
DA:152,0
DA:153,0
DA:157,1
DA:158,0
DA:160,0
DA:162,0
DA:164,0
DA:172,0
DA:173,0
DA:174,0
DA:178,0
DA:179,0
DA:181,0
LF:83
LH:9
BRDA:18,0,0,0
BRDA:18,1,0,0
BRDA:18,1,1,0
BRDA:21,2,0,0
BRDA:21,2,1,0
BRDA:21,3,0,0
BRDA:21,3,1,0
BRDA:49,4,0,0
BRDA:49,4,1,0
BRDA:55,5,0,0
BRDA:55,5,1,0
BRDA:57,6,0,0
BRDA:57,6,1,0
BRDA:66,7,0,0
BRDA:71,8,0,0
BRDA:75,9,0,0
BRDA:84,10,0,0
BRDA:84,10,1,0
BRDA:86,11,0,0
BRDA:90,12,0,0
BRDA:91,13,0,0
BRDA:91,13,1,0
BRDA:106,14,0,0
BRDA:106,14,1,0
BRDA:110,15,0,0
BRDA:110,16,0,0
BRDA:110,16,1,0
BRDA:119,17,0,0
BRDA:119,17,1,0
BRDA:119,18,0,0
BRDA:119,18,1,0
BRDA:140,19,0,0
BRDA:147,20,0,0
BRDA:152,21,0,0
BRDA:173,22,0,0
BRDA:173,23,0,0
BRDA:173,23,1,0
BRF:37
BRH:0
end_of_record
TN:
SF:src/core/form/index.ts
FNF:0
FNH:0
DA:1,1
DA:2,1
DA:3,1
DA:4,1
LF:4
LH:4
BRF:0
BRH:0
end_of_record
TN:
SF:src/core/form/normalizers.ts
FN:16,createDefaultKeys
FN:60,normalizeFormFields
FN:63,(anonymous_3)
FN:76,normalizeButtons
FN:123,normalizeTitle
FN:146,normalizeFormSettings
FNF:6
FNH:0
FNDA:0,createDefaultKeys
FNDA:0,normalizeFormFields
FNDA:0,(anonymous_3)
FNDA:0,normalizeButtons
FNDA:0,normalizeTitle
FNDA:0,normalizeFormSettings
DA:1,1
DA:11,1
DA:12,1
DA:16,1
DA:17,0
DA:19,0
DA:32,0
DA:33,0
DA:36,0
DA:37,0
DA:40,0
DA:55,0
DA:57,0
DA:60,1
DA:61,0
DA:63,0
DA:64,0
DA:66,0
DA:68,0
DA:73,0
DA:76,1
DA:77,0
DA:84,0
DA:92,0
DA:93,0
DA:95,0
DA:106,0
DA:107,0
DA:113,0
DA:114,0
DA:120,0
DA:123,1
DA:124,0
DA:129,0
DA:133,0
DA:134,0
DA:137,0
DA:143,0
DA:146,1
DA:147,0
DA:155,0
LF:41
LH:8
BRDA:25,0,0,0
BRDA:25,0,1,0
BRDA:32,1,0,0
BRDA:36,2,0,0
BRDA:36,3,0,0
BRDA:36,3,1,0
BRDA:55,4,0,0
BRDA:55,4,1,0
BRDA:92,5,0,0
BRDA:92,5,1,0
BRDA:92,6,0,0
BRDA:92,6,1,0
BRDA:93,7,0,0
BRDA:93,7,1,0
BRDA:93,8,0,0
BRDA:93,8,1,0
BRDA:106,9,0,0
BRDA:113,10,0,0
BRDA:129,11,0,0
BRDA:133,12,0,0
BRDA:133,12,1,0
BRDA:148,13,0,0
BRDA:148,13,1,0
BRDA:149,14,0,0
BRDA:149,14,1,0
BRF:25
BRH:0
end_of_record
TN:
SF:src/core/form/rules.ts
FN:13,parseRules
FN:15,(anonymous_1)
FN:25,validateRules
FN:26,(anonymous_3)
FN:41,useRules
FN:42,(anonymous_5)
FN:43,(anonymous_6)
FN:52,(anonymous_7)
FN:53,(anonymous_8)
FN:63,(anonymous_9)
FN:64,(anonymous_10)
FN:73,(anonymous_11)
FN:82,(anonymous_12)
FNF:13
FNH:0
FNDA:0,parseRules
FNDA:0,(anonymous_1)
FNDA:0,validateRules
FNDA:0,(anonymous_3)
FNDA:0,useRules
FNDA:0,(anonymous_5)
FNDA:0,(anonymous_6)
FNDA:0,(anonymous_7)
FNDA:0,(anonymous_8)
FNDA:0,(anonymous_9)
FNDA:0,(anonymous_10)
FNDA:0,(anonymous_11)
FNDA:0,(anonymous_12)
DA:13,1
DA:14,0
DA:15,0
DA:16,0
DA:17,0
DA:18,0
DA:19,0
DA:25,1
DA:26,0
DA:27,0
DA:28,0
DA:30,0
DA:32,0
DA:33,0
DA:36,0
DA:37,0
DA:41,1
DA:42,0
DA:43,0
DA:44,0
DA:49,0
DA:52,0
DA:53,0
DA:54,0
DA:55,0
DA:57,0
DA:60,0
DA:63,0
DA:64,0
DA:66,0
DA:67,0
DA:70,0
DA:73,0
DA:82,0
DA:83,0
DA:85,0
DA:91,0
DA:94,0
LF:38
LH:3
BRDA:16,0,0,0
BRDA:18,1,0,0
BRDA:30,2,0,0
BRDA:32,3,0,0
BRDA:45,4,0,0
BRDA:45,4,1,0
BRDA:45,4,2,0
BRDA:45,4,3,0
BRDA:57,5,0,0
BRDA:57,5,1,0
BRDA:57,5,2,0
BRDA:67,6,0,0
BRDA:67,6,1,0
BRDA:67,6,2,0
BRDA:86,7,0,0
BRDA:86,7,1,0
BRDA:86,7,2,0
BRDA:86,7,3,0
BRDA:86,7,4,0
BRDA:86,7,5,0
BRDA:86,8,0,0
BRDA:86,8,1,0
BRDA:86,9,0,0
BRDA:86,9,1,0
BRF:24
BRH:0
end_of_record
TN:
SF:src/core/form/types.ts
FN:3,(anonymous_0)
FNF:1
FNH:1
FNDA:1,(anonymous_0)
DA:3,1
DA:4,1
DA:5,1
LF:3
LH:3
BRDA:3,0,0,1
BRDA:3,0,1,1
BRF:2
BRH:2
end_of_record
TN:
SF:src/core/http/index.ts
FNF:0
FNH:0
DA:1,1
DA:2,1
LF:2
LH:2
BRF:0
BRH:0
end_of_record
TN:
SF:src/core/http/requests.ts
FN:17,getPaginationResultsKey
FN:19,(anonymous_1)
FN:22,getPaginationCountKey
FN:24,(anonymous_3)
FN:27,buildURL
FN:45,getForeignKeys
FN:49,(anonymous_6)
FN:76,(anonymous_7)
FN:77,(anonymous_8)
FN:78,(anonymous_9)
FN:82,(anonymous_10)
FN:86,createRecord
FN:98,updateRecord
FN:111,retrieveRecord
FN:124,deleteRecord
FN:127,(anonymous_15)
FN:140,(anonymous_16)
FN:164,triggerCreateOrUpdate
FN:188,getRecords
FN:201,(anonymous_19)
FN:212,(anonymous_20)
FN:226,(anonymous_21)
FN:243,(anonymous_22)
FN:244,(anonymous_23)
FNF:24
FNH:12
FNDA:0,getPaginationResultsKey
FNDA:0,(anonymous_1)
FNDA:0,getPaginationCountKey
FNDA:0,(anonymous_3)
FNDA:14,buildURL
FNDA:1,getForeignKeys
FNDA:6,(anonymous_6)
FNDA:4,(anonymous_7)
FNDA:4,(anonymous_8)
FNDA:6,(anonymous_9)
FNDA:0,(anonymous_10)
FNDA:2,createRecord
FNDA:2,updateRecord
FNDA:2,retrieveRecord
FNDA:5,deleteRecord
FNDA:2,(anonymous_15)
FNDA:3,(anonymous_16)
FNDA:0,triggerCreateOrUpdate
FNDA:0,getRecords
FNDA:0,(anonymous_19)
FNDA:0,(anonymous_20)
FNDA:0,(anonymous_21)
FNDA:0,(anonymous_22)
FNDA:0,(anonymous_23)
DA:2,1
DA:7,1
DA:9,1
DA:18,0
DA:19,0
DA:23,0
DA:24,0
DA:27,1
DA:36,14
DA:37,13
DA:39,1
DA:42,14
DA:45,1
DA:46,1
DA:47,1
DA:49,1
DA:50,6
DA:52,6
DA:53,6
DA:55,6
DA:59,6
DA:61,6
DA:63,6
DA:64,4
DA:66,6
DA:68,6
DA:69,4
DA:72,6
DA:73,6
DA:76,1
DA:77,4
DA:78,4
DA:79,6
DA:82,0
DA:86,1
DA:89,2
DA:90,2
DA:92,1
DA:95,1
DA:98,1
DA:99,2
DA:102,2
DA:103,2
DA:105,1
DA:108,1
DA:111,1
DA:112,2
DA:115,2
DA:116,2
DA:118,1
DA:121,1
DA:124,1
DA:125,5
DA:127,5
DA:130,2
DA:131,2
DA:132,2
DA:134,1
DA:137,1
DA:140,5
DA:141,3
DA:142,1
DA:147,2
DA:148,2
DA:149,2
DA:151,1
DA:154,1
DA:157,5
DA:158,2
DA:161,3
DA:164,1
DA:165,0
DA:166,0
DA:167,0
DA:168,0
DA:171,0
DA:177,0
DA:182,0
DA:184,0
DA:185,0
DA:188,1
DA:189,0
DA:191,0
DA:192,0
DA:194,0
DA:200,0
DA:202,0
DA:203,0
DA:207,0
DA:212,0
DA:213,0
DA:214,0
DA:215,0
DA:216,0
DA:219,0
DA:220,0
DA:222,0
DA:223,0
DA:226,0
DA:227,0
DA:234,0
DA:236,0
DA:237,0
DA:240,0
DA:242,0
DA:243,0
DA:244,0
DA:247,0
LF:108
LH:67
BRDA:36,0,0,13
BRDA:36,0,1,1
BRDA:37,1,0,13
BRDA:37,1,1,1
BRDA:39,2,0,1
BRDA:39,2,1,1
BRDA:50,3,0,0
BRDA:53,4,0,6
BRDA:53,4,1,2
BRDA:63,5,0,4
BRDA:68,6,0,4
BRDA:141,7,0,1
BRDA:157,8,0,2
BRDA:166,9,0,0
BRDA:166,9,1,0
BRDA:168,10,0,0
BRDA:168,10,1,0
BRDA:182,11,0,0
BRDA:182,11,1,0
BRDA:192,12,0,0
BRDA:192,12,1,0
BRDA:200,13,0,0
BRDA:200,13,1,0
BRDA:213,14,0,0
BRDA:226,15,0,0
BRDA:236,16,0,0
BRF:26
BRH:12
end_of_record
TN:
SF:src/core/locale/index.ts
FN:15,(anonymous_1)
FNF:1
FNH:0
FNDA:0,(anonymous_1)
DA:1,1
DA:3,1
DA:4,1
DA:6,1
DA:13,1
DA:15,0
DA:18,1
DA:19,1
DA:22,1
DA:23,1
LF:10
LH:9
BRF:0
BRH:0
end_of_record
TN:
SF:src/core/notifications/generate.tsx
FN:4,createNotification
FN:24,(anonymous_1)
FN:26,(anonymous_2)
FN:30,(anonymous_3)
FN:39,(anonymous_4)
FN:48,(anonymous_5)
FNF:6
FNH:0
FNDA:0,createNotification
FNDA:0,(anonymous_1)
FNDA:0,(anonymous_2)
FNDA:0,(anonymous_3)
FNDA:0,(anonymous_4)
FNDA:0,(anonymous_5)
DA:1,1
DA:5,0
DA:6,0
DA:7,0
DA:10,0
DA:22,0
DA:24,0
DA:25,0
DA:26,0
DA:30,1
DA:39,1
DA:48,1
LF:12
LH:4
BRF:0
BRH:0
end_of_record
TN:
SF:src/core/notifications/index.ts
FNF:0
FNH:0
DA:1,1
DA:2,1
LF:2
LH:2
BRF:0
BRH:0
end_of_record
